<?xml version="1.0" encoding="UTF-8" ?>
<testsuite failures="1" time="9.02" errors="0" skipped="0" tests="10" name="com.eastapps.mgs.model.MemeIntegrationTest">
  <properties>
[...]
</properties>
  <testcase time="7.668" classname="com.eastapps.mgs.model.MemeIntegrationTest" name="testCreateMemeJson">
    <failure type="junit.framework.AssertionFailedError">junit.framework.AssertionFailedError
	at junit.framework.Assert.fail(Assert.java:48)
	at junit.framework.Assert.assertTrue(Assert.java:20)
	at junit.framework.Assert.assertTrue(Assert.java:27)
	at com.eastapps.mgs.model.MemeIntegrationTest.testCreateMemeJson(MemeIntegrationTest.java:163)
	at sun.reflect.NativeMethodAccessorImpl.invoke0(Native Method)
	at sun.reflect.NativeMethodAccessorImpl.invoke(NativeMethodAccessorImpl.java:57)
	at sun.reflect.DelegatingMethodAccessorImpl.invoke(DelegatingMethodAccessorImpl.java:43)
	at java.lang.reflect.Method.invoke(Method.java:606)
	at org.junit.runners.model.FrameworkMethod$1.runReflectiveCall(FrameworkMethod.java:45)
	at org.junit.internal.runners.model.ReflectiveCallable.run(ReflectiveCallable.java:15)
	at org.junit.runners.model.FrameworkMethod.invokeExplosively(FrameworkMethod.java:42)
	at org.junit.internal.runners.statements.InvokeMethod.evaluate(InvokeMethod.java:20)
	at org.springframework.test.context.junit4.statements.RunBeforeTestMethodCallbacks.evaluate(RunBeforeTestMethodCallbacks.java:74)
	at org.springframework.test.context.junit4.statements.RunAfterTestMethodCallbacks.evaluate(RunAfterTestMethodCallbacks.java:83)
	at org.springframework.test.context.junit4.statements.SpringRepeat.evaluate(SpringRepeat.java:72)
	at org.springframework.test.context.junit4.SpringJUnit4ClassRunner.runChild(SpringJUnit4ClassRunner.java:231)
	at org.springframework.test.context.junit4.SpringJUnit4ClassRunner.runChild(SpringJUnit4ClassRunner.java:88)
	at org.junit.runners.ParentRunner$3.run(ParentRunner.java:231)
	at org.junit.runners.ParentRunner$1.schedule(ParentRunner.java:60)
	at org.junit.runners.ParentRunner.runChildren(ParentRunner.java:229)
	at org.junit.runners.ParentRunner.access$000(ParentRunner.java:50)
	at org.junit.runners.ParentRunner$2.evaluate(ParentRunner.java:222)
	at org.springframework.test.context.junit4.statements.RunBeforeTestClassCallbacks.evaluate(RunBeforeTestClassCallbacks.java:61)
	at org.springframework.test.context.junit4.statements.RunAfterTestClassCallbacks.evaluate(RunAfterTestClassCallbacks.java:71)
	at org.junit.runners.ParentRunner.run(ParentRunner.java:300)
	at org.springframework.test.context.junit4.SpringJUnit4ClassRunner.run(SpringJUnit4ClassRunner.java:174)
	at org.apache.maven.surefire.junit4.JUnit4Provider.execute(JUnit4Provider.java:236)
	at org.apache.maven.surefire.junit4.JUnit4Provider.executeTestSet(JUnit4Provider.java:134)
	at org.apache.maven.surefire.junit4.JUnit4Provider.invoke(JUnit4Provider.java:113)
	at sun.reflect.NativeMethodAccessorImpl.invoke0(Native Method)
	at sun.reflect.NativeMethodAccessorImpl.invoke(NativeMethodAccessorImpl.java:57)
	at sun.reflect.DelegatingMethodAccessorImpl.invoke(DelegatingMethodAccessorImpl.java:43)
	at java.lang.reflect.Method.invoke(Method.java:606)
	at org.apache.maven.surefire.util.ReflectionUtils.invokeMethodWithArray(ReflectionUtils.java:189)
	at org.apache.maven.surefire.booter.ProviderFactory$ProviderProxy.invoke(ProviderFactory.java:165)
	at org.apache.maven.surefire.booter.ProviderFactory.invokeProvider(ProviderFactory.java:85)
	at org.apache.maven.surefire.booter.ForkedBooter.runSuitesInProcess(ForkedBooter.java:103)
	at org.apache.maven.surefire.booter.ForkedBooter.main(ForkedBooter.java:74)
</failure>
    <system-out>2013-07-13 17:19:38,562 [main] DEBUG org.hibernate.type.BasicTypeRegistry - Adding type registration boolean -&gt; org.hibernate.type.BooleanType@337a0b28
2013-07-13 17:19:38,563 [main] DEBUG org.hibernate.type.BasicTypeRegistry - Adding type registration boolean -&gt; org.hibernate.type.BooleanType@337a0b28
2013-07-13 17:19:38,563 [main] DEBUG org.hibernate.type.BasicTypeRegistry - Adding type registration java.lang.Boolean -&gt; org.hibernate.type.BooleanType@337a0b28
2013-07-13 17:19:38,564 [main] DEBUG org.hibernate.type.BasicTypeRegistry - Adding type registration numeric_boolean -&gt; org.hibernate.type.NumericBooleanType@1dc96741
2013-07-13 17:19:38,565 [main] DEBUG org.hibernate.type.BasicTypeRegistry - Adding type registration true_false -&gt; org.hibernate.type.TrueFalseType@41ce0ff8
2013-07-13 17:19:38,566 [main] DEBUG org.hibernate.type.BasicTypeRegistry - Adding type registration yes_no -&gt; org.hibernate.type.YesNoType@70ce4360
2013-07-13 17:19:38,568 [main] DEBUG org.hibernate.type.BasicTypeRegistry - Adding type registration byte -&gt; org.hibernate.type.ByteType@7272c1c2
2013-07-13 17:19:38,568 [main] DEBUG org.hibernate.type.BasicTypeRegistry - Adding type registration byte -&gt; org.hibernate.type.ByteType@7272c1c2
2013-07-13 17:19:38,568 [main] DEBUG org.hibernate.type.BasicTypeRegistry - Adding type registration java.lang.Byte -&gt; org.hibernate.type.ByteType@7272c1c2
2013-07-13 17:19:38,569 [main] DEBUG org.hibernate.type.BasicTypeRegistry - Adding type registration character -&gt; org.hibernate.type.CharacterType@408a408d
2013-07-13 17:19:38,569 [main] DEBUG org.hibernate.type.BasicTypeRegistry - Adding type registration char -&gt; org.hibernate.type.CharacterType@408a408d
2013-07-13 17:19:38,569 [main] DEBUG org.hibernate.type.BasicTypeRegistry - Adding type registration java.lang.Character -&gt; org.hibernate.type.CharacterType@408a408d
2013-07-13 17:19:38,571 [main] DEBUG org.hibernate.type.BasicTypeRegistry - Adding type registration short -&gt; org.hibernate.type.ShortType@3c0014f3
2013-07-13 17:19:38,571 [main] DEBUG org.hibernate.type.BasicTypeRegistry - Adding type registration short -&gt; org.hibernate.type.ShortType@3c0014f3
2013-07-13 17:19:38,571 [main] DEBUG org.hibernate.type.BasicTypeRegistry - Adding type registration java.lang.Short -&gt; org.hibernate.type.ShortType@3c0014f3
2013-07-13 17:19:38,572 [main] DEBUG org.hibernate.type.BasicTypeRegistry - Adding type registration integer -&gt; org.hibernate.type.IntegerType@580bd4ff
2013-07-13 17:19:38,572 [main] DEBUG org.hibernate.type.BasicTypeRegistry - Adding type registration int -&gt; org.hibernate.type.IntegerType@580bd4ff
2013-07-13 17:19:38,573 [main] DEBUG org.hibernate.type.BasicTypeRegistry - Adding type registration java.lang.Integer -&gt; org.hibernate.type.IntegerType@580bd4ff
2013-07-13 17:19:38,574 [main] DEBUG org.hibernate.type.BasicTypeRegistry - Adding type registration long -&gt; org.hibernate.type.LongType@3064a965
2013-07-13 17:19:38,574 [main] DEBUG org.hibernate.type.BasicTypeRegistry - Adding type registration long -&gt; org.hibernate.type.LongType@3064a965
2013-07-13 17:19:38,574 [main] DEBUG org.hibernate.type.BasicTypeRegistry - Adding type registration java.lang.Long -&gt; org.hibernate.type.LongType@3064a965
2013-07-13 17:19:38,576 [main] DEBUG org.hibernate.type.BasicTypeRegistry - Adding type registration float -&gt; org.hibernate.type.FloatType@595262e7
2013-07-13 17:19:38,576 [main] DEBUG org.hibernate.type.BasicTypeRegistry - Adding type registration float -&gt; org.hibernate.type.FloatType@595262e7
2013-07-13 17:19:38,576 [main] DEBUG org.hibernate.type.BasicTypeRegistry - Adding type registration java.lang.Float -&gt; org.hibernate.type.FloatType@595262e7
2013-07-13 17:19:38,578 [main] DEBUG org.hibernate.type.BasicTypeRegistry - Adding type registration double -&gt; org.hibernate.type.DoubleType@1080e4d6
2013-07-13 17:19:38,578 [main] DEBUG org.hibernate.type.BasicTypeRegistry - Adding type registration double -&gt; org.hibernate.type.DoubleType@1080e4d6
2013-07-13 17:19:38,578 [main] DEBUG org.hibernate.type.BasicTypeRegistry - Adding type registration java.lang.Double -&gt; org.hibernate.type.DoubleType@1080e4d6
2013-07-13 17:19:38,579 [main] DEBUG org.hibernate.type.BasicTypeRegistry - Adding type registration big_decimal -&gt; org.hibernate.type.BigDecimalType@872ebe
2013-07-13 17:19:38,579 [main] DEBUG org.hibernate.type.BasicTypeRegistry - Adding type registration java.math.BigDecimal -&gt; org.hibernate.type.BigDecimalType@872ebe
2013-07-13 17:19:38,580 [main] DEBUG org.hibernate.type.BasicTypeRegistry - Adding type registration big_integer -&gt; org.hibernate.type.BigIntegerType@5ee16306
2013-07-13 17:19:38,581 [main] DEBUG org.hibernate.type.BasicTypeRegistry - Adding type registration java.math.BigInteger -&gt; org.hibernate.type.BigIntegerType@5ee16306
2013-07-13 17:19:38,582 [main] DEBUG org.hibernate.type.BasicTypeRegistry - Adding type registration string -&gt; org.hibernate.type.StringType@39722ed5
2013-07-13 17:19:38,582 [main] DEBUG org.hibernate.type.BasicTypeRegistry - Adding type registration java.lang.String -&gt; org.hibernate.type.StringType@39722ed5
2013-07-13 17:19:38,583 [main] DEBUG org.hibernate.type.BasicTypeRegistry - Adding type registration url -&gt; org.hibernate.type.UrlType@68966724
2013-07-13 17:19:38,583 [main] DEBUG org.hibernate.type.BasicTypeRegistry - Adding type registration java.net.URL -&gt; org.hibernate.type.UrlType@68966724
2013-07-13 17:19:38,585 [main] DEBUG org.hibernate.type.BasicTypeRegistry - Adding type registration date -&gt; org.hibernate.type.DateType@a52c93d
2013-07-13 17:19:38,585 [main] DEBUG org.hibernate.type.BasicTypeRegistry - Adding type registration java.sql.Date -&gt; org.hibernate.type.DateType@a52c93d
2013-07-13 17:19:38,586 [main] DEBUG org.hibernate.type.BasicTypeRegistry - Adding type registration time -&gt; org.hibernate.type.TimeType@7131359
2013-07-13 17:19:38,587 [main] DEBUG org.hibernate.type.BasicTypeRegistry - Adding type registration java.sql.Time -&gt; org.hibernate.type.TimeType@7131359
2013-07-13 17:19:38,588 [main] DEBUG org.hibernate.type.BasicTypeRegistry - Adding type registration timestamp -&gt; org.hibernate.type.TimestampType@1332fa84
2013-07-13 17:19:38,589 [main] DEBUG org.hibernate.type.BasicTypeRegistry - Adding type registration java.sql.Timestamp -&gt; org.hibernate.type.TimestampType@1332fa84
2013-07-13 17:19:38,589 [main] DEBUG org.hibernate.type.BasicTypeRegistry - Adding type registration java.util.Date -&gt; org.hibernate.type.TimestampType@1332fa84
2013-07-13 17:19:38,590 [main] DEBUG org.hibernate.type.BasicTypeRegistry - Adding type registration dbtimestamp -&gt; org.hibernate.type.DbTimestampType@12ac86bb
2013-07-13 17:19:38,592 [main] DEBUG org.hibernate.type.BasicTypeRegistry - Adding type registration calendar -&gt; org.hibernate.type.CalendarType@2a6e248a
2013-07-13 17:19:38,592 [main] DEBUG org.hibernate.type.BasicTypeRegistry - Adding type registration java.util.Calendar -&gt; org.hibernate.type.CalendarType@2a6e248a
2013-07-13 17:19:38,592 [main] DEBUG org.hibernate.type.BasicTypeRegistry - Adding type registration java.util.GregorianCalendar -&gt; org.hibernate.type.CalendarType@2a6e248a
2013-07-13 17:19:38,593 [main] DEBUG org.hibernate.type.BasicTypeRegistry - Adding type registration calendar_date -&gt; org.hibernate.type.CalendarDateType@4cd062fa
2013-07-13 17:19:38,594 [main] DEBUG org.hibernate.type.BasicTypeRegistry - Adding type registration locale -&gt; org.hibernate.type.LocaleType@3b7cb2ef
2013-07-13 17:19:38,595 [main] DEBUG org.hibernate.type.BasicTypeRegistry - Adding type registration java.util.Locale -&gt; org.hibernate.type.LocaleType@3b7cb2ef
2013-07-13 17:19:38,596 [main] DEBUG org.hibernate.type.BasicTypeRegistry - Adding type registration currency -&gt; org.hibernate.type.CurrencyType@479005d8
2013-07-13 17:19:38,596 [main] DEBUG org.hibernate.type.BasicTypeRegistry - Adding type registration java.util.Currency -&gt; org.hibernate.type.CurrencyType@479005d8
2013-07-13 17:19:38,597 [main] DEBUG org.hibernate.type.BasicTypeRegistry - Adding type registration timezone -&gt; org.hibernate.type.TimeZoneType@68de3cea
2013-07-13 17:19:38,598 [main] DEBUG org.hibernate.type.BasicTypeRegistry - Adding type registration java.util.TimeZone -&gt; org.hibernate.type.TimeZoneType@68de3cea
2013-07-13 17:19:38,599 [main] DEBUG org.hibernate.type.BasicTypeRegistry - Adding type registration class -&gt; org.hibernate.type.ClassType@11a7a000
2013-07-13 17:19:38,599 [main] DEBUG org.hibernate.type.BasicTypeRegistry - Adding type registration java.lang.Class -&gt; org.hibernate.type.ClassType@11a7a000
2013-07-13 17:19:38,601 [main] DEBUG org.hibernate.type.BasicTypeRegistry - Adding type registration uuid-binary -&gt; org.hibernate.type.UUIDBinaryType@14e6c243
2013-07-13 17:19:38,601 [main] DEBUG org.hibernate.type.BasicTypeRegistry - Adding type registration java.util.UUID -&gt; org.hibernate.type.UUIDBinaryType@14e6c243
2013-07-13 17:19:38,602 [main] DEBUG org.hibernate.type.BasicTypeRegistry - Adding type registration uuid-char -&gt; org.hibernate.type.UUIDCharType@bfcbfa
2013-07-13 17:19:38,603 [main] DEBUG org.hibernate.type.BasicTypeRegistry - Adding type registration pg-uuid -&gt; org.hibernate.type.PostgresUUIDType@3ac8119
2013-07-13 17:19:38,605 [main] DEBUG org.hibernate.type.BasicTypeRegistry - Adding type registration binary -&gt; org.hibernate.type.BinaryType@61bb0cc0
2013-07-13 17:19:38,605 [main] DEBUG org.hibernate.type.BasicTypeRegistry - Adding type registration byte[] -&gt; org.hibernate.type.BinaryType@61bb0cc0
2013-07-13 17:19:38,605 [main] DEBUG org.hibernate.type.BasicTypeRegistry - Adding type registration [B -&gt; org.hibernate.type.BinaryType@61bb0cc0
2013-07-13 17:19:38,607 [main] DEBUG org.hibernate.type.BasicTypeRegistry - Adding type registration wrapper-binary -&gt; org.hibernate.type.WrapperBinaryType@2f29608e
2013-07-13 17:19:38,607 [main] DEBUG org.hibernate.type.BasicTypeRegistry - Adding type registration Byte[] -&gt; org.hibernate.type.WrapperBinaryType@2f29608e
2013-07-13 17:19:38,607 [main] DEBUG org.hibernate.type.BasicTypeRegistry - Adding type registration [Ljava.lang.Byte; -&gt; org.hibernate.type.WrapperBinaryType@2f29608e
2013-07-13 17:19:38,608 [main] DEBUG org.hibernate.type.BasicTypeRegistry - Adding type registration image -&gt; org.hibernate.type.ImageType@1e2fce9c
2013-07-13 17:19:38,610 [main] DEBUG org.hibernate.type.BasicTypeRegistry - Adding type registration characters -&gt; org.hibernate.type.CharArrayType@78eecf54
2013-07-13 17:19:38,610 [main] DEBUG org.hibernate.type.BasicTypeRegistry - Adding type registration char[] -&gt; org.hibernate.type.CharArrayType@78eecf54
2013-07-13 17:19:38,610 [main] DEBUG org.hibernate.type.BasicTypeRegistry - Adding type registration [C -&gt; org.hibernate.type.CharArrayType@78eecf54
2013-07-13 17:19:38,611 [main] DEBUG org.hibernate.type.BasicTypeRegistry - Adding type registration wrapper-characters -&gt; org.hibernate.type.CharacterArrayType@7d5fec4
2013-07-13 17:19:38,611 [main] DEBUG org.hibernate.type.BasicTypeRegistry - Adding type registration [Ljava.lang.Character; -&gt; org.hibernate.type.CharacterArrayType@7d5fec4
2013-07-13 17:19:38,612 [main] DEBUG org.hibernate.type.BasicTypeRegistry - Adding type registration Character[] -&gt; org.hibernate.type.CharacterArrayType@7d5fec4
2013-07-13 17:19:38,613 [main] DEBUG org.hibernate.type.BasicTypeRegistry - Adding type registration text -&gt; org.hibernate.type.TextType@c3bae40
2013-07-13 17:19:38,628 [main] DEBUG org.hibernate.type.BasicTypeRegistry - Adding type registration blob -&gt; org.hibernate.type.BlobType@1f2495d
2013-07-13 17:19:38,628 [main] DEBUG org.hibernate.type.BasicTypeRegistry - Adding type registration java.sql.Blob -&gt; org.hibernate.type.BlobType@1f2495d
2013-07-13 17:19:38,629 [main] DEBUG org.hibernate.type.BasicTypeRegistry - Adding type registration materialized_blob -&gt; org.hibernate.type.MaterializedBlobType@e2af8bd
2013-07-13 17:19:38,634 [main] DEBUG org.hibernate.type.BasicTypeRegistry - Adding type registration clob -&gt; org.hibernate.type.ClobType@43ba9eea
2013-07-13 17:19:38,634 [main] DEBUG org.hibernate.type.BasicTypeRegistry - Adding type registration java.sql.Clob -&gt; org.hibernate.type.ClobType@43ba9eea
2013-07-13 17:19:38,635 [main] DEBUG org.hibernate.type.BasicTypeRegistry - Adding type registration materialized_clob -&gt; org.hibernate.type.MaterializedClobType@33d6bcb
2013-07-13 17:19:38,637 [main] DEBUG org.hibernate.type.BasicTypeRegistry - Adding type registration serializable -&gt; org.hibernate.type.SerializableType@2caf64a6
2013-07-13 17:19:38,641 [main] DEBUG org.hibernate.type.BasicTypeRegistry - Adding type registration object -&gt; org.hibernate.type.ObjectType@70c70bfd
2013-07-13 17:19:38,641 [main] DEBUG org.hibernate.type.BasicTypeRegistry - Adding type registration java.lang.Object -&gt; org.hibernate.type.ObjectType@70c70bfd
2013-07-13 17:19:38,642 [main] DEBUG org.hibernate.type.BasicTypeRegistry - Adding type registration imm_date -&gt; org.hibernate.type.AdaptedImmutableType@3a8c1f10
2013-07-13 17:19:38,642 [main] DEBUG org.hibernate.type.BasicTypeRegistry - Adding type registration imm_time -&gt; org.hibernate.type.AdaptedImmutableType@454b7177
2013-07-13 17:19:38,642 [main] DEBUG org.hibernate.type.BasicTypeRegistry - Adding type registration imm_timestamp -&gt; org.hibernate.type.AdaptedImmutableType@5c065f2b
2013-07-13 17:19:38,643 [main] DEBUG org.hibernate.type.BasicTypeRegistry - Adding type registration imm_dbtimestamp -&gt; org.hibernate.type.AdaptedImmutableType@26522f40
2013-07-13 17:19:38,643 [main] DEBUG org.hibernate.type.BasicTypeRegistry - Adding type registration imm_calendar -&gt; org.hibernate.type.AdaptedImmutableType@5d9c2667
2013-07-13 17:19:38,643 [main] DEBUG org.hibernate.type.BasicTypeRegistry - Adding type registration imm_calendar_date -&gt; org.hibernate.type.AdaptedImmutableType@369d6434
2013-07-13 17:19:38,643 [main] DEBUG org.hibernate.type.BasicTypeRegistry - Adding type registration imm_binary -&gt; org.hibernate.type.AdaptedImmutableType@171dadef
2013-07-13 17:19:38,643 [main] DEBUG org.hibernate.type.BasicTypeRegistry - Adding type registration imm_serializable -&gt; org.hibernate.type.AdaptedImmutableType@1d8631c4
2013-07-13 17:19:38,663 [main] INFO  org.hibernate.annotations.common.Version - HCANN000001: Hibernate Commons Annotations {4.0.1.Final}
2013-07-13 17:19:38,668 [main] INFO  org.hibernate.Version - HHH000412: Hibernate Core {4.1.8.Final}
2013-07-13 17:19:38,669 [main] INFO  org.hibernate.cfg.Environment - HHH000206: hibernate.properties not found
2013-07-13 17:19:38,671 [main] INFO  org.hibernate.cfg.Environment - HHH000021: Bytecode provider name : javassist
2013-07-13 17:19:38,682 [main] DEBUG org.hibernate.id.factory.internal.DefaultIdentifierGeneratorFactory - Registering IdentifierGenerator strategy [uuid2] -&gt; [org.hibernate.id.UUIDGenerator]
2013-07-13 17:19:38,683 [main] DEBUG org.hibernate.id.factory.internal.DefaultIdentifierGeneratorFactory - Registering IdentifierGenerator strategy [guid] -&gt; [org.hibernate.id.GUIDGenerator]
2013-07-13 17:19:38,684 [main] DEBUG org.hibernate.id.factory.internal.DefaultIdentifierGeneratorFactory - Registering IdentifierGenerator strategy [uuid] -&gt; [org.hibernate.id.UUIDHexGenerator]
2013-07-13 17:19:38,684 [main] DEBUG org.hibernate.id.factory.internal.DefaultIdentifierGeneratorFactory - Registering IdentifierGenerator strategy [uuid.hex] -&gt; [org.hibernate.id.UUIDHexGenerator]
2013-07-13 17:19:38,685 [main] DEBUG org.hibernate.id.factory.internal.DefaultIdentifierGeneratorFactory - Registering IdentifierGenerator strategy [hilo] -&gt; [org.hibernate.id.TableHiLoGenerator]
2013-07-13 17:19:38,685 [main] DEBUG org.hibernate.id.factory.internal.DefaultIdentifierGeneratorFactory - Registering IdentifierGenerator strategy [assigned] -&gt; [org.hibernate.id.Assigned]
2013-07-13 17:19:38,687 [main] DEBUG org.hibernate.id.factory.internal.DefaultIdentifierGeneratorFactory - Registering IdentifierGenerator strategy [identity] -&gt; [org.hibernate.id.IdentityGenerator]
2013-07-13 17:19:38,687 [main] DEBUG org.hibernate.id.factory.internal.DefaultIdentifierGeneratorFactory - Registering IdentifierGenerator strategy [select] -&gt; [org.hibernate.id.SelectGenerator]
2013-07-13 17:19:38,688 [main] DEBUG org.hibernate.id.factory.internal.DefaultIdentifierGeneratorFactory - Registering IdentifierGenerator strategy [sequence] -&gt; [org.hibernate.id.SequenceGenerator]
2013-07-13 17:19:38,688 [main] DEBUG org.hibernate.id.factory.internal.DefaultIdentifierGeneratorFactory - Registering IdentifierGenerator strategy [seqhilo] -&gt; [org.hibernate.id.SequenceHiLoGenerator]
2013-07-13 17:19:38,689 [main] DEBUG org.hibernate.id.factory.internal.DefaultIdentifierGeneratorFactory - Registering IdentifierGenerator strategy [increment] -&gt; [org.hibernate.id.IncrementGenerator]
2013-07-13 17:19:38,689 [main] DEBUG org.hibernate.id.factory.internal.DefaultIdentifierGeneratorFactory - Registering IdentifierGenerator strategy [foreign] -&gt; [org.hibernate.id.ForeignGenerator]
2013-07-13 17:19:38,690 [main] DEBUG org.hibernate.id.factory.internal.DefaultIdentifierGeneratorFactory - Registering IdentifierGenerator strategy [sequence-identity] -&gt; [org.hibernate.id.SequenceIdentityGenerator]
2013-07-13 17:19:38,690 [main] DEBUG org.hibernate.id.factory.internal.DefaultIdentifierGeneratorFactory - Registering IdentifierGenerator strategy [enhanced-sequence] -&gt; [org.hibernate.id.enhanced.SequenceStyleGenerator]
2013-07-13 17:19:38,691 [main] DEBUG org.hibernate.id.factory.internal.DefaultIdentifierGeneratorFactory - Registering IdentifierGenerator strategy [enhanced-table] -&gt; [org.hibernate.id.enhanced.TableGenerator]
2013-07-13 17:19:38,693 [main] DEBUG org.hibernate.type.BasicTypeRegistry - Adding type registration boolean -&gt; org.hibernate.type.BooleanType@337a0b28
2013-07-13 17:19:38,693 [main] DEBUG org.hibernate.type.BasicTypeRegistry - Adding type registration boolean -&gt; org.hibernate.type.BooleanType@337a0b28
2013-07-13 17:19:38,694 [main] DEBUG org.hibernate.type.BasicTypeRegistry - Adding type registration java.lang.Boolean -&gt; org.hibernate.type.BooleanType@337a0b28
2013-07-13 17:19:38,694 [main] DEBUG org.hibernate.type.BasicTypeRegistry - Adding type registration numeric_boolean -&gt; org.hibernate.type.NumericBooleanType@1dc96741
2013-07-13 17:19:38,694 [main] DEBUG org.hibernate.type.BasicTypeRegistry - Adding type registration true_false -&gt; org.hibernate.type.TrueFalseType@41ce0ff8
2013-07-13 17:19:38,694 [main] DEBUG org.hibernate.type.BasicTypeRegistry - Adding type registration yes_no -&gt; org.hibernate.type.YesNoType@70ce4360
2013-07-13 17:19:38,694 [main] DEBUG org.hibernate.type.BasicTypeRegistry - Adding type registration byte -&gt; org.hibernate.type.ByteType@7272c1c2
2013-07-13 17:19:38,694 [main] DEBUG org.hibernate.type.BasicTypeRegistry - Adding type registration byte -&gt; org.hibernate.type.ByteType@7272c1c2
2013-07-13 17:19:38,694 [main] DEBUG org.hibernate.type.BasicTypeRegistry - Adding type registration java.lang.Byte -&gt; org.hibernate.type.ByteType@7272c1c2
2013-07-13 17:19:38,694 [main] DEBUG org.hibernate.type.BasicTypeRegistry - Adding type registration character -&gt; org.hibernate.type.CharacterType@408a408d
2013-07-13 17:19:38,695 [main] DEBUG org.hibernate.type.BasicTypeRegistry - Adding type registration char -&gt; org.hibernate.type.CharacterType@408a408d
2013-07-13 17:19:38,695 [main] DEBUG org.hibernate.type.BasicTypeRegistry - Adding type registration java.lang.Character -&gt; org.hibernate.type.CharacterType@408a408d
2013-07-13 17:19:38,695 [main] DEBUG org.hibernate.type.BasicTypeRegistry - Adding type registration short -&gt; org.hibernate.type.ShortType@3c0014f3
2013-07-13 17:19:38,695 [main] DEBUG org.hibernate.type.BasicTypeRegistry - Adding type registration short -&gt; org.hibernate.type.ShortType@3c0014f3
2013-07-13 17:19:38,695 [main] DEBUG org.hibernate.type.BasicTypeRegistry - Adding type registration java.lang.Short -&gt; org.hibernate.type.ShortType@3c0014f3
2013-07-13 17:19:38,695 [main] DEBUG org.hibernate.type.BasicTypeRegistry - Adding type registration integer -&gt; org.hibernate.type.IntegerType@580bd4ff
2013-07-13 17:19:38,695 [main] DEBUG org.hibernate.type.BasicTypeRegistry - Adding type registration int -&gt; org.hibernate.type.IntegerType@580bd4ff
2013-07-13 17:19:38,695 [main] DEBUG org.hibernate.type.BasicTypeRegistry - Adding type registration java.lang.Integer -&gt; org.hibernate.type.IntegerType@580bd4ff
2013-07-13 17:19:38,695 [main] DEBUG org.hibernate.type.BasicTypeRegistry - Adding type registration long -&gt; org.hibernate.type.LongType@3064a965
2013-07-13 17:19:38,696 [main] DEBUG org.hibernate.type.BasicTypeRegistry - Adding type registration long -&gt; org.hibernate.type.LongType@3064a965
2013-07-13 17:19:38,696 [main] DEBUG org.hibernate.type.BasicTypeRegistry - Adding type registration java.lang.Long -&gt; org.hibernate.type.LongType@3064a965
2013-07-13 17:19:38,696 [main] DEBUG org.hibernate.type.BasicTypeRegistry - Adding type registration float -&gt; org.hibernate.type.FloatType@595262e7
2013-07-13 17:19:38,696 [main] DEBUG org.hibernate.type.BasicTypeRegistry - Adding type registration float -&gt; org.hibernate.type.FloatType@595262e7
2013-07-13 17:19:38,696 [main] DEBUG org.hibernate.type.BasicTypeRegistry - Adding type registration java.lang.Float -&gt; org.hibernate.type.FloatType@595262e7
2013-07-13 17:19:38,696 [main] DEBUG org.hibernate.type.BasicTypeRegistry - Adding type registration double -&gt; org.hibernate.type.DoubleType@1080e4d6
2013-07-13 17:19:38,696 [main] DEBUG org.hibernate.type.BasicTypeRegistry - Adding type registration double -&gt; org.hibernate.type.DoubleType@1080e4d6
2013-07-13 17:19:38,696 [main] DEBUG org.hibernate.type.BasicTypeRegistry - Adding type registration java.lang.Double -&gt; org.hibernate.type.DoubleType@1080e4d6
2013-07-13 17:19:38,697 [main] DEBUG org.hibernate.type.BasicTypeRegistry - Adding type registration big_decimal -&gt; org.hibernate.type.BigDecimalType@872ebe
2013-07-13 17:19:38,697 [main] DEBUG org.hibernate.type.BasicTypeRegistry - Adding type registration java.math.BigDecimal -&gt; org.hibernate.type.BigDecimalType@872ebe
2013-07-13 17:19:38,697 [main] DEBUG org.hibernate.type.BasicTypeRegistry - Adding type registration big_integer -&gt; org.hibernate.type.BigIntegerType@5ee16306
2013-07-13 17:19:38,697 [main] DEBUG org.hibernate.type.BasicTypeRegistry - Adding type registration java.math.BigInteger -&gt; org.hibernate.type.BigIntegerType@5ee16306
2013-07-13 17:19:38,697 [main] DEBUG org.hibernate.type.BasicTypeRegistry - Adding type registration string -&gt; org.hibernate.type.StringType@39722ed5
2013-07-13 17:19:38,697 [main] DEBUG org.hibernate.type.BasicTypeRegistry - Adding type registration java.lang.String -&gt; org.hibernate.type.StringType@39722ed5
2013-07-13 17:19:38,697 [main] DEBUG org.hibernate.type.BasicTypeRegistry - Adding type registration url -&gt; org.hibernate.type.UrlType@68966724
2013-07-13 17:19:38,697 [main] DEBUG org.hibernate.type.BasicTypeRegistry - Adding type registration java.net.URL -&gt; org.hibernate.type.UrlType@68966724
2013-07-13 17:19:38,697 [main] DEBUG org.hibernate.type.BasicTypeRegistry - Adding type registration date -&gt; org.hibernate.type.DateType@a52c93d
2013-07-13 17:19:38,698 [main] DEBUG org.hibernate.type.BasicTypeRegistry - Adding type registration java.sql.Date -&gt; org.hibernate.type.DateType@a52c93d
2013-07-13 17:19:38,698 [main] DEBUG org.hibernate.type.BasicTypeRegistry - Adding type registration time -&gt; org.hibernate.type.TimeType@7131359
2013-07-13 17:19:38,698 [main] DEBUG org.hibernate.type.BasicTypeRegistry - Adding type registration java.sql.Time -&gt; org.hibernate.type.TimeType@7131359
2013-07-13 17:19:38,698 [main] DEBUG org.hibernate.type.BasicTypeRegistry - Adding type registration timestamp -&gt; org.hibernate.type.TimestampType@1332fa84
2013-07-13 17:19:38,698 [main] DEBUG org.hibernate.type.BasicTypeRegistry - Adding type registration java.sql.Timestamp -&gt; org.hibernate.type.TimestampType@1332fa84
2013-07-13 17:19:38,698 [main] DEBUG org.hibernate.type.BasicTypeRegistry - Adding type registration java.util.Date -&gt; org.hibernate.type.TimestampType@1332fa84
2013-07-13 17:19:38,699 [main] DEBUG org.hibernate.type.BasicTypeRegistry - Adding type registration dbtimestamp -&gt; org.hibernate.type.DbTimestampType@12ac86bb
2013-07-13 17:19:38,699 [main] DEBUG org.hibernate.type.BasicTypeRegistry - Adding type registration calendar -&gt; org.hibernate.type.CalendarType@2a6e248a
2013-07-13 17:19:38,699 [main] DEBUG org.hibernate.type.BasicTypeRegistry - Adding type registration java.util.Calendar -&gt; org.hibernate.type.CalendarType@2a6e248a
2013-07-13 17:19:38,699 [main] DEBUG org.hibernate.type.BasicTypeRegistry - Adding type registration java.util.GregorianCalendar -&gt; org.hibernate.type.CalendarType@2a6e248a
2013-07-13 17:19:38,699 [main] DEBUG org.hibernate.type.BasicTypeRegistry - Adding type registration calendar_date -&gt; org.hibernate.type.CalendarDateType@4cd062fa
2013-07-13 17:19:38,699 [main] DEBUG org.hibernate.type.BasicTypeRegistry - Adding type registration locale -&gt; org.hibernate.type.LocaleType@3b7cb2ef
2013-07-13 17:19:38,700 [main] DEBUG org.hibernate.type.BasicTypeRegistry - Adding type registration java.util.Locale -&gt; org.hibernate.type.LocaleType@3b7cb2ef
2013-07-13 17:19:38,700 [main] DEBUG org.hibernate.type.BasicTypeRegistry - Adding type registration currency -&gt; org.hibernate.type.CurrencyType@479005d8
2013-07-13 17:19:38,700 [main] DEBUG org.hibernate.type.BasicTypeRegistry - Adding type registration java.util.Currency -&gt; org.hibernate.type.CurrencyType@479005d8
2013-07-13 17:19:38,700 [main] DEBUG org.hibernate.type.BasicTypeRegistry - Adding type registration timezone -&gt; org.hibernate.type.TimeZoneType@68de3cea
2013-07-13 17:19:38,700 [main] DEBUG org.hibernate.type.BasicTypeRegistry - Adding type registration java.util.TimeZone -&gt; org.hibernate.type.TimeZoneType@68de3cea
2013-07-13 17:19:38,700 [main] DEBUG org.hibernate.type.BasicTypeRegistry - Adding type registration class -&gt; org.hibernate.type.ClassType@11a7a000
2013-07-13 17:19:38,701 [main] DEBUG org.hibernate.type.BasicTypeRegistry - Adding type registration java.lang.Class -&gt; org.hibernate.type.ClassType@11a7a000
2013-07-13 17:19:38,701 [main] DEBUG org.hibernate.type.BasicTypeRegistry - Adding type registration uuid-binary -&gt; org.hibernate.type.UUIDBinaryType@14e6c243
2013-07-13 17:19:38,701 [main] DEBUG org.hibernate.type.BasicTypeRegistry - Adding type registration java.util.UUID -&gt; org.hibernate.type.UUIDBinaryType@14e6c243
2013-07-13 17:19:38,701 [main] DEBUG org.hibernate.type.BasicTypeRegistry - Adding type registration uuid-char -&gt; org.hibernate.type.UUIDCharType@bfcbfa
2013-07-13 17:19:38,701 [main] DEBUG org.hibernate.type.BasicTypeRegistry - Adding type registration pg-uuid -&gt; org.hibernate.type.PostgresUUIDType@3ac8119
2013-07-13 17:19:38,701 [main] DEBUG org.hibernate.type.BasicTypeRegistry - Adding type registration binary -&gt; org.hibernate.type.BinaryType@61bb0cc0
2013-07-13 17:19:38,702 [main] DEBUG org.hibernate.type.BasicTypeRegistry - Adding type registration byte[] -&gt; org.hibernate.type.BinaryType@61bb0cc0
2013-07-13 17:19:38,702 [main] DEBUG org.hibernate.type.BasicTypeRegistry - Adding type registration [B -&gt; org.hibernate.type.BinaryType@61bb0cc0
2013-07-13 17:19:38,702 [main] DEBUG org.hibernate.type.BasicTypeRegistry - Adding type registration wrapper-binary -&gt; org.hibernate.type.WrapperBinaryType@2f29608e
2013-07-13 17:19:38,702 [main] DEBUG org.hibernate.type.BasicTypeRegistry - Adding type registration Byte[] -&gt; org.hibernate.type.WrapperBinaryType@2f29608e
2013-07-13 17:19:38,702 [main] DEBUG org.hibernate.type.BasicTypeRegistry - Adding type registration [Ljava.lang.Byte; -&gt; org.hibernate.type.WrapperBinaryType@2f29608e
2013-07-13 17:19:38,702 [main] DEBUG org.hibernate.type.BasicTypeRegistry - Adding type registration image -&gt; org.hibernate.type.ImageType@1e2fce9c
2013-07-13 17:19:38,703 [main] DEBUG org.hibernate.type.BasicTypeRegistry - Adding type registration characters -&gt; org.hibernate.type.CharArrayType@78eecf54
2013-07-13 17:19:38,703 [main] DEBUG org.hibernate.type.BasicTypeRegistry - Adding type registration char[] -&gt; org.hibernate.type.CharArrayType@78eecf54
2013-07-13 17:19:38,703 [main] DEBUG org.hibernate.type.BasicTypeRegistry - Adding type registration [C -&gt; org.hibernate.type.CharArrayType@78eecf54
2013-07-13 17:19:38,703 [main] DEBUG org.hibernate.type.BasicTypeRegistry - Adding type registration wrapper-characters -&gt; org.hibernate.type.CharacterArrayType@7d5fec4
2013-07-13 17:19:38,703 [main] DEBUG org.hibernate.type.BasicTypeRegistry - Adding type registration [Ljava.lang.Character; -&gt; org.hibernate.type.CharacterArrayType@7d5fec4
2013-07-13 17:19:38,703 [main] DEBUG org.hibernate.type.BasicTypeRegistry - Adding type registration Character[] -&gt; org.hibernate.type.CharacterArrayType@7d5fec4
2013-07-13 17:19:38,703 [main] DEBUG org.hibernate.type.BasicTypeRegistry - Adding type registration text -&gt; org.hibernate.type.TextType@c3bae40
2013-07-13 17:19:38,704 [main] DEBUG org.hibernate.type.BasicTypeRegistry - Adding type registration blob -&gt; org.hibernate.type.BlobType@1f2495d
2013-07-13 17:19:38,704 [main] DEBUG org.hibernate.type.BasicTypeRegistry - Adding type registration java.sql.Blob -&gt; org.hibernate.type.BlobType@1f2495d
2013-07-13 17:19:38,704 [main] DEBUG org.hibernate.type.BasicTypeRegistry - Adding type registration materialized_blob -&gt; org.hibernate.type.MaterializedBlobType@e2af8bd
2013-07-13 17:19:38,704 [main] DEBUG org.hibernate.type.BasicTypeRegistry - Adding type registration clob -&gt; org.hibernate.type.ClobType@43ba9eea
2013-07-13 17:19:38,704 [main] DEBUG org.hibernate.type.BasicTypeRegistry - Adding type registration java.sql.Clob -&gt; org.hibernate.type.ClobType@43ba9eea
2013-07-13 17:19:38,704 [main] DEBUG org.hibernate.type.BasicTypeRegistry - Adding type registration materialized_clob -&gt; org.hibernate.type.MaterializedClobType@33d6bcb
2013-07-13 17:19:38,704 [main] DEBUG org.hibernate.type.BasicTypeRegistry - Adding type registration serializable -&gt; org.hibernate.type.SerializableType@2caf64a6
2013-07-13 17:19:38,705 [main] DEBUG org.hibernate.type.BasicTypeRegistry - Adding type registration object -&gt; org.hibernate.type.ObjectType@70c70bfd
2013-07-13 17:19:38,705 [main] DEBUG org.hibernate.type.BasicTypeRegistry - Adding type registration java.lang.Object -&gt; org.hibernate.type.ObjectType@70c70bfd
2013-07-13 17:19:38,705 [main] DEBUG org.hibernate.type.BasicTypeRegistry - Adding type registration imm_date -&gt; org.hibernate.type.AdaptedImmutableType@248639cf
2013-07-13 17:19:38,705 [main] DEBUG org.hibernate.type.BasicTypeRegistry - Adding type registration imm_time -&gt; org.hibernate.type.AdaptedImmutableType@683d57c4
2013-07-13 17:19:38,705 [main] DEBUG org.hibernate.type.BasicTypeRegistry - Adding type registration imm_timestamp -&gt; org.hibernate.type.AdaptedImmutableType@134d3a53
2013-07-13 17:19:38,705 [main] DEBUG org.hibernate.type.BasicTypeRegistry - Adding type registration imm_dbtimestamp -&gt; org.hibernate.type.AdaptedImmutableType@3330290b
2013-07-13 17:19:38,705 [main] DEBUG org.hibernate.type.BasicTypeRegistry - Adding type registration imm_calendar -&gt; org.hibernate.type.AdaptedImmutableType@1ed6ab6e
2013-07-13 17:19:38,706 [main] DEBUG org.hibernate.type.BasicTypeRegistry - Adding type registration imm_calendar_date -&gt; org.hibernate.type.AdaptedImmutableType@1f90d293
2013-07-13 17:19:38,706 [main] DEBUG org.hibernate.type.BasicTypeRegistry - Adding type registration imm_binary -&gt; org.hibernate.type.AdaptedImmutableType@5cf0c115
2013-07-13 17:19:38,706 [main] DEBUG org.hibernate.type.BasicTypeRegistry - Adding type registration imm_serializable -&gt; org.hibernate.type.AdaptedImmutableType@4214795e
2013-07-13 17:19:38,706 [main] DEBUG org.hibernate.id.factory.internal.DefaultIdentifierGeneratorFactory - Registering IdentifierGenerator strategy [uuid2] -&gt; [org.hibernate.id.UUIDGenerator]
2013-07-13 17:19:38,706 [main] DEBUG org.hibernate.id.factory.internal.DefaultIdentifierGeneratorFactory - Registering IdentifierGenerator strategy [guid] -&gt; [org.hibernate.id.GUIDGenerator]
2013-07-13 17:19:38,706 [main] DEBUG org.hibernate.id.factory.internal.DefaultIdentifierGeneratorFactory - Registering IdentifierGenerator strategy [uuid] -&gt; [org.hibernate.id.UUIDHexGenerator]
2013-07-13 17:19:38,707 [main] DEBUG org.hibernate.id.factory.internal.DefaultIdentifierGeneratorFactory - Registering IdentifierGenerator strategy [uuid.hex] -&gt; [org.hibernate.id.UUIDHexGenerator]
2013-07-13 17:19:38,707 [main] DEBUG org.hibernate.id.factory.internal.DefaultIdentifierGeneratorFactory - Registering IdentifierGenerator strategy [hilo] -&gt; [org.hibernate.id.TableHiLoGenerator]
2013-07-13 17:19:38,707 [main] DEBUG org.hibernate.id.factory.internal.DefaultIdentifierGeneratorFactory - Registering IdentifierGenerator strategy [assigned] -&gt; [org.hibernate.id.Assigned]
2013-07-13 17:19:38,707 [main] DEBUG org.hibernate.id.factory.internal.DefaultIdentifierGeneratorFactory - Registering IdentifierGenerator strategy [identity] -&gt; [org.hibernate.id.IdentityGenerator]
2013-07-13 17:19:38,707 [main] DEBUG org.hibernate.id.factory.internal.DefaultIdentifierGeneratorFactory - Registering IdentifierGenerator strategy [select] -&gt; [org.hibernate.id.SelectGenerator]
2013-07-13 17:19:38,707 [main] DEBUG org.hibernate.id.factory.internal.DefaultIdentifierGeneratorFactory - Registering IdentifierGenerator strategy [sequence] -&gt; [org.hibernate.id.SequenceGenerator]
2013-07-13 17:19:38,708 [main] DEBUG org.hibernate.id.factory.internal.DefaultIdentifierGeneratorFactory - Registering IdentifierGenerator strategy [seqhilo] -&gt; [org.hibernate.id.SequenceHiLoGenerator]
2013-07-13 17:19:38,708 [main] DEBUG org.hibernate.id.factory.internal.DefaultIdentifierGeneratorFactory - Registering IdentifierGenerator strategy [increment] -&gt; [org.hibernate.id.IncrementGenerator]
2013-07-13 17:19:38,708 [main] DEBUG org.hibernate.id.factory.internal.DefaultIdentifierGeneratorFactory - Registering IdentifierGenerator strategy [foreign] -&gt; [org.hibernate.id.ForeignGenerator]
2013-07-13 17:19:38,708 [main] DEBUG org.hibernate.id.factory.internal.DefaultIdentifierGeneratorFactory - Registering IdentifierGenerator strategy [sequence-identity] -&gt; [org.hibernate.id.SequenceIdentityGenerator]
2013-07-13 17:19:38,708 [main] DEBUG org.hibernate.id.factory.internal.DefaultIdentifierGeneratorFactory - Registering IdentifierGenerator strategy [enhanced-sequence] -&gt; [org.hibernate.id.enhanced.SequenceStyleGenerator]
2013-07-13 17:19:38,708 [main] DEBUG org.hibernate.id.factory.internal.DefaultIdentifierGeneratorFactory - Registering IdentifierGenerator strategy [enhanced-table] -&gt; [org.hibernate.id.enhanced.TableGenerator]
2013-07-13 17:19:38,710 [main] DEBUG org.hibernate.ejb.Ejb3Configuration - Processing PersistenceUnitInfo [
	name: persistenceUnit
	persistence provider classname: org.hibernate.ejb.HibernatePersistence
	classloader: sun.misc.Launcher$AppClassLoader@7e820d53
	Temporary classloader: org.springframework.instrument.classloading.SimpleThrowawayClassLoader@38981d47
	excludeUnlistedClasses: false
	JTA datasource: null
	Non JTA datasource: org.apache.commons.dbcp.BasicDataSource@aaa3d58
	Transaction type: RESOURCE_LOCAL
	PU root URL: file:/media/hybrid/workspace/meme_gen/mgs_v1/target/classes
	Shared Cache Mode: UNSPECIFIED
	Validation Mode: AUTO
	Jar files URLs []
	Managed classes names []
	Mapping files names []
	Properties [
		hibernate.connection.driver_class: com.mysql.jdbc.Driver
		hibernate.default_schema: mgsdbv1
		c3p0.min_size: 3
		hibernate.dialect: org.hibernate.dialect.MySQL5InnoDBDialect
		c3p0.timeout: 1800
		hibernate.ejb.naming_strategy: org.hibernate.cfg.ImprovedNamingStrategy
		hibernate.hbm2ddl.auto: create
		c3p0.max_size: 5
		hibernate.connection.charSet: UTF-8]
2013-07-13 17:19:38,712 [main] DEBUG org.hibernate.ejb.Ejb3Configuration - Detect class: true; detect hbm: true
2013-07-13 17:19:38,712 [main] DEBUG org.hibernate.ejb.Ejb3Configuration - Detect class: true; detect hbm: true
2013-07-13 17:19:38,720 [main] DEBUG org.hibernate.ejb.packaging.AbstractJarVisitor - Searching mapped entities in jar/par: file:/media/hybrid/workspace/meme_gen/mgs_v1/target/classes
2013-07-13 17:19:38,720 [main] DEBUG org.hibernate.ejb.packaging.AbstractJarVisitor - Filtering: com.eastapps.mgs.model.CrawlerBackground
2013-07-13 17:19:38,755 [main] DEBUG org.hibernate.ejb.packaging.AbstractJarVisitor - Java element filter matched for com.eastapps.mgs.model.CrawlerBackground
2013-07-13 17:19:38,756 [main] DEBUG org.hibernate.ejb.packaging.AbstractJarVisitor - Filtering: com.eastapps.mgs.model.MemeBackground
2013-07-13 17:19:38,759 [main] DEBUG org.hibernate.ejb.packaging.AbstractJarVisitor - Java element filter matched for com.eastapps.mgs.model.MemeBackground
2013-07-13 17:19:38,760 [main] DEBUG org.hibernate.ejb.packaging.AbstractJarVisitor - Filtering: com.eastapps.mgs.model.MemeUser
2013-07-13 17:19:38,764 [main] DEBUG org.hibernate.ejb.packaging.AbstractJarVisitor - Java element filter matched for com.eastapps.mgs.model.MemeUser
2013-07-13 17:19:38,764 [main] DEBUG org.hibernate.ejb.packaging.AbstractJarVisitor - Filtering: com.eastapps.mgs.model.MemeText
2013-07-13 17:19:38,768 [main] DEBUG org.hibernate.ejb.packaging.AbstractJarVisitor - Java element filter matched for com.eastapps.mgs.model.MemeText
2013-07-13 17:19:38,768 [main] DEBUG org.hibernate.ejb.packaging.AbstractJarVisitor - Filtering: com.eastapps.mgs.model.DeviceInfo
2013-07-13 17:19:38,772 [main] DEBUG org.hibernate.ejb.packaging.AbstractJarVisitor - Java element filter matched for com.eastapps.mgs.model.DeviceInfo
2013-07-13 17:19:38,772 [main] DEBUG org.hibernate.ejb.packaging.AbstractJarVisitor - Filtering: com.eastapps.mgs.model.CrawlerMeme
2013-07-13 17:19:38,776 [main] DEBUG org.hibernate.ejb.packaging.AbstractJarVisitor - Java element filter matched for com.eastapps.mgs.model.CrawlerMeme
2013-07-13 17:19:38,776 [main] DEBUG org.hibernate.ejb.packaging.AbstractJarVisitor - Filtering: com.eastapps.mgs.model.SampleMeme
2013-07-13 17:19:38,778 [main] DEBUG org.hibernate.ejb.packaging.AbstractJarVisitor - Java element filter matched for com.eastapps.mgs.model.SampleMeme
2013-07-13 17:19:38,779 [main] DEBUG org.hibernate.ejb.packaging.AbstractJarVisitor - Filtering: com.eastapps.mgs.model.Meme
2013-07-13 17:19:38,781 [main] DEBUG org.hibernate.ejb.packaging.AbstractJarVisitor - Java element filter matched for com.eastapps.mgs.model.Meme
2013-07-13 17:19:38,782 [main] DEBUG org.hibernate.ejb.packaging.AbstractJarVisitor - Filtering: com.eastapps.mgs.web.SampleMemeController
2013-07-13 17:19:38,784 [main] DEBUG org.hibernate.ejb.packaging.AbstractJarVisitor - Filtering: com.eastapps.mgs.web.ApplicationConversionServiceFactoryBean$7
2013-07-13 17:19:38,785 [main] DEBUG org.hibernate.ejb.packaging.AbstractJarVisitor - Filtering: com.eastapps.mgs.web.ApplicationConversionServiceFactoryBean$18
2013-07-13 17:19:38,786 [main] DEBUG org.hibernate.ejb.packaging.AbstractJarVisitor - Filtering: com.eastapps.mgs.web.MemeController
2013-07-13 17:19:38,787 [main] DEBUG org.hibernate.ejb.packaging.AbstractJarVisitor - Filtering: com.eastapps.mgs.web.ApplicationConversionServiceFactoryBean$15
2013-07-13 17:19:38,787 [main] DEBUG org.hibernate.ejb.packaging.AbstractJarVisitor - Filtering: com.eastapps.mgs.web.MemeTextController
2013-07-13 17:19:38,788 [main] DEBUG org.hibernate.ejb.packaging.AbstractJarVisitor - Filtering: com.eastapps.mgs.web.ApplicationConversionServiceFactoryBean$1
2013-07-13 17:19:38,789 [main] DEBUG org.hibernate.ejb.packaging.AbstractJarVisitor - Filtering: com.eastapps.mgs.web.ApplicationConversionServiceFactoryBean$13
2013-07-13 17:19:38,789 [main] DEBUG org.hibernate.ejb.packaging.AbstractJarVisitor - Filtering: com.eastapps.mgs.web.ApplicationConversionServiceFactoryBean$6
2013-07-13 17:19:38,789 [main] DEBUG org.hibernate.ejb.packaging.AbstractJarVisitor - Filtering: com.eastapps.mgs.web.ApplicationConversionServiceFactoryBean$23
2013-07-13 17:19:38,790 [main] DEBUG org.hibernate.ejb.packaging.AbstractJarVisitor - Filtering: com.eastapps.mgs.web.ApplicationConversionServiceFactoryBean$8
2013-07-13 17:19:38,790 [main] DEBUG org.hibernate.ejb.packaging.AbstractJarVisitor - Filtering: com.eastapps.mgs.web.ApplicationConversionServiceFactoryBean$9
2013-07-13 17:19:38,790 [main] DEBUG org.hibernate.ejb.packaging.AbstractJarVisitor - Filtering: com.eastapps.mgs.web.ApplicationConversionServiceFactoryBean$12
2013-07-13 17:19:38,791 [main] DEBUG org.hibernate.ejb.packaging.AbstractJarVisitor - Filtering: com.eastapps.mgs.web.ApplicationConversionServiceFactoryBean$24
2013-07-13 17:19:38,791 [main] DEBUG org.hibernate.ejb.packaging.AbstractJarVisitor - Filtering: com.eastapps.mgs.web.CrawlerBackgroundController
2013-07-13 17:19:38,792 [main] DEBUG org.hibernate.ejb.packaging.AbstractJarVisitor - Filtering: com.eastapps.mgs.web.ApplicationConversionServiceFactoryBean$17
2013-07-13 17:19:38,792 [main] DEBUG org.hibernate.ejb.packaging.AbstractJarVisitor - Filtering: com.eastapps.mgs.web.ApplicationConversionServiceFactoryBean$16
2013-07-13 17:19:38,793 [main] DEBUG org.hibernate.ejb.packaging.AbstractJarVisitor - Filtering: com.eastapps.mgs.web.ApplicationConversionServiceFactoryBean$5
2013-07-13 17:19:38,793 [main] DEBUG org.hibernate.ejb.packaging.AbstractJarVisitor - Filtering: com.eastapps.mgs.web.ApplicationConversionServiceFactoryBean$11
2013-07-13 17:19:38,793 [main] DEBUG org.hibernate.ejb.packaging.AbstractJarVisitor - Filtering: com.eastapps.mgs.web.ApplicationConversionServiceFactoryBean$4
2013-07-13 17:19:38,794 [main] DEBUG org.hibernate.ejb.packaging.AbstractJarVisitor - Filtering: com.eastapps.mgs.web.ApplicationConversionServiceFactoryBean$14
2013-07-13 17:19:38,794 [main] DEBUG org.hibernate.ejb.packaging.AbstractJarVisitor - Filtering: com.eastapps.mgs.web.ApplicationConversionServiceFactoryBean$22
2013-07-13 17:19:38,794 [main] DEBUG org.hibernate.ejb.packaging.AbstractJarVisitor - Filtering: com.eastapps.mgs.web.ApplicationConversionServiceFactoryBean$20
2013-07-13 17:19:38,795 [main] DEBUG org.hibernate.ejb.packaging.AbstractJarVisitor - Filtering: com.eastapps.mgs.web.ApplicationConversionServiceFactoryBean$3
2013-07-13 17:19:38,795 [main] DEBUG org.hibernate.ejb.packaging.AbstractJarVisitor - Filtering: com.eastapps.mgs.web.ApplicationConversionServiceFactoryBean$10
2013-07-13 17:19:38,795 [main] DEBUG org.hibernate.ejb.packaging.AbstractJarVisitor - Filtering: com.eastapps.mgs.web.ApplicationConversionServiceFactoryBean$21
2013-07-13 17:19:38,796 [main] DEBUG org.hibernate.ejb.packaging.AbstractJarVisitor - Filtering: com.eastapps.mgs.web.ApplicationConversionServiceFactoryBean
2013-07-13 17:19:38,797 [main] DEBUG org.hibernate.ejb.packaging.AbstractJarVisitor - Filtering: com.eastapps.mgs.web.ApplicationConversionServiceFactoryBean$19
2013-07-13 17:19:38,798 [main] DEBUG org.hibernate.ejb.packaging.AbstractJarVisitor - Filtering: com.eastapps.mgs.web.DeviceInfoController
2013-07-13 17:19:38,798 [main] DEBUG org.hibernate.ejb.packaging.AbstractJarVisitor - Filtering: com.eastapps.mgs.web.ApplicationConversionServiceFactoryBean$2
2013-07-13 17:19:38,799 [main] DEBUG org.hibernate.ejb.packaging.AbstractJarVisitor - Filtering: com.eastapps.mgs.web.MemeBackgroundController
2013-07-13 17:19:38,800 [main] DEBUG org.hibernate.ejb.packaging.AbstractJarVisitor - Filtering: com.eastapps.mgs.web.MemeUserController
2013-07-13 17:19:38,801 [main] DEBUG org.hibernate.ejb.packaging.AbstractJarVisitor - Filtering: com.eastapps.mgs.web.CrawlerMemeController
2013-07-13 17:19:38,802 [main] DEBUG org.hibernate.ejb.packaging.AbstractJarVisitor - Filtering: com.eastapps.meme_gen_server.service.IMemeFileReader
2013-07-13 17:19:38,802 [main] DEBUG org.hibernate.ejb.packaging.AbstractJarVisitor - Filtering: com.eastapps.meme_gen_server.service.UrlFileReader
2013-07-13 17:19:38,803 [main] DEBUG org.hibernate.ejb.packaging.AbstractJarVisitor - Filtering: com.eastapps.meme_gen_server.service.LocalFileReader
2013-07-13 17:19:38,803 [main] DEBUG org.hibernate.ejb.packaging.AbstractJarVisitor - Filtering: com.eastapps.meme_gen_server.service.MemeService
2013-07-13 17:19:38,804 [main] DEBUG org.hibernate.ejb.packaging.AbstractJarVisitor - Filtering: com.eastapps.meme_gen_server.util.Util
2013-07-13 17:19:38,804 [main] DEBUG org.hibernate.ejb.packaging.AbstractJarVisitor - Filtering: com.eastapps.meme_gen_server.constants.Constants
2013-07-13 17:19:38,828 [main] DEBUG org.hibernate.integrator.internal.IntegratorServiceImpl - Adding Integrator [org.hibernate.cfg.beanvalidation.BeanValidationIntegrator].
2013-07-13 17:19:38,828 [main] DEBUG org.hibernate.integrator.internal.IntegratorServiceImpl - Adding Integrator [org.hibernate.ejb.event.JpaIntegrator].
2013-07-13 17:19:38,848 [main] DEBUG org.hibernate.ejb.util.NamingHelper - No JNDI name configured for binding Ejb3Configuration
2013-07-13 17:19:38,858 [main] DEBUG org.hibernate.cfg.Configuration - Preparing to build session factory with filters : {}
2013-07-13 17:19:38,858 [main] TRACE org.hibernate.cfg.Configuration - Starting secondPassCompile() processing
2013-07-13 17:19:38,881 [main] DEBUG org.hibernate.cfg.Configuration - Processing hbm.xml files
2013-07-13 17:19:38,881 [main] DEBUG org.hibernate.cfg.Configuration - Process annotated classes
2013-07-13 17:19:38,885 [main] DEBUG org.hibernate.cfg.AnnotationBinder - Binding entity from annotated class: com.eastapps.mgs.model.CrawlerMeme
2013-07-13 17:19:38,906 [main] DEBUG org.hibernate.cfg.Ejb3Column - Binding column: Ejb3DiscriminatorColumn{logicalColumnName&apos;DTYPE&apos;, discriminatorTypeName=&apos;string&apos;}
2013-07-13 17:19:38,913 [main] DEBUG org.hibernate.cfg.annotations.EntityBinder - Import with entity name CrawlerMeme
2013-07-13 17:19:38,917 [main] DEBUG org.hibernate.cfg.annotations.EntityBinder - Bind entity com.eastapps.mgs.model.CrawlerMeme on table crawler_meme
2013-07-13 17:19:38,943 [main] TRACE org.hibernate.cfg.AnnotationBinder - Processing annotations of com.eastapps.mgs.model.CrawlerMeme.id
2013-07-13 17:19:38,946 [main] DEBUG org.hibernate.cfg.Ejb3Column - Binding column: Ejb3Column{table=org.hibernate.mapping.Table(crawler_meme), mappingColumn=id, insertable=true, updatable=true, unique=false}
2013-07-13 17:19:38,950 [main] DEBUG org.hibernate.cfg.annotations.PropertyBinder - MetadataSourceProcessor property id with lazy=false
2013-07-13 17:19:38,953 [main] DEBUG org.hibernate.cfg.annotations.SimpleValueBinder - building SimpleValue for id
2013-07-13 17:19:38,954 [main] DEBUG org.hibernate.cfg.annotations.PropertyBinder - Building property id
2013-07-13 17:19:38,957 [main] TRACE org.hibernate.cfg.annotations.PropertyBinder - Cascading id with null
2013-07-13 17:19:38,957 [main] TRACE org.hibernate.cfg.AnnotationBinder - Bind @Id on id
2013-07-13 17:19:38,958 [main] TRACE org.hibernate.cfg.AnnotationBinder - Processing annotations of com.eastapps.mgs.model.CrawlerMeme.bottomText
2013-07-13 17:19:38,958 [main] DEBUG org.hibernate.cfg.Ejb3Column - Binding column: Ejb3Column{table=org.hibernate.mapping.Table(crawler_meme), mappingColumn=bottom_text, insertable=true, updatable=true, unique=false}
2013-07-13 17:19:38,959 [main] DEBUG org.hibernate.cfg.annotations.PropertyBinder - MetadataSourceProcessor property bottomText with lazy=false
2013-07-13 17:19:38,959 [main] DEBUG org.hibernate.cfg.annotations.SimpleValueBinder - building SimpleValue for bottomText
2013-07-13 17:19:38,959 [main] DEBUG org.hibernate.cfg.annotations.PropertyBinder - Building property bottomText
2013-07-13 17:19:38,959 [main] TRACE org.hibernate.cfg.annotations.PropertyBinder - Cascading bottomText with null
2013-07-13 17:19:38,959 [main] TRACE org.hibernate.cfg.AnnotationBinder - Processing annotations of com.eastapps.mgs.model.CrawlerMeme.name
2013-07-13 17:19:38,959 [main] DEBUG org.hibernate.cfg.Ejb3Column - Binding column: Ejb3Column{table=org.hibernate.mapping.Table(crawler_meme), mappingColumn=name, insertable=true, updatable=true, unique=false}
2013-07-13 17:19:38,960 [main] DEBUG org.hibernate.cfg.annotations.PropertyBinder - MetadataSourceProcessor property name with lazy=false
2013-07-13 17:19:38,960 [main] DEBUG org.hibernate.cfg.annotations.SimpleValueBinder - building SimpleValue for name
2013-07-13 17:19:38,960 [main] DEBUG org.hibernate.cfg.annotations.PropertyBinder - Building property name
2013-07-13 17:19:38,960 [main] TRACE org.hibernate.cfg.annotations.PropertyBinder - Cascading name with null
2013-07-13 17:19:38,960 [main] TRACE org.hibernate.cfg.AnnotationBinder - Processing annotations of com.eastapps.mgs.model.CrawlerMeme.topText
2013-07-13 17:19:38,960 [main] DEBUG org.hibernate.cfg.Ejb3Column - Binding column: Ejb3Column{table=org.hibernate.mapping.Table(crawler_meme), mappingColumn=top_text, insertable=true, updatable=true, unique=false}
2013-07-13 17:19:38,960 [main] DEBUG org.hibernate.cfg.annotations.PropertyBinder - MetadataSourceProcessor property topText with lazy=false
2013-07-13 17:19:38,961 [main] DEBUG org.hibernate.cfg.annotations.SimpleValueBinder - building SimpleValue for topText
2013-07-13 17:19:38,961 [main] DEBUG org.hibernate.cfg.annotations.PropertyBinder - Building property topText
2013-07-13 17:19:38,961 [main] TRACE org.hibernate.cfg.annotations.PropertyBinder - Cascading topText with null
2013-07-13 17:19:38,961 [main] TRACE org.hibernate.cfg.AnnotationBinder - Processing annotations of com.eastapps.mgs.model.CrawlerMeme.version
2013-07-13 17:19:38,961 [main] DEBUG org.hibernate.cfg.Ejb3Column - Binding column: Ejb3Column{table=org.hibernate.mapping.Table(crawler_meme), mappingColumn=version, insertable=true, updatable=true, unique=false}
2013-07-13 17:19:38,961 [main] TRACE org.hibernate.cfg.AnnotationBinder - version is a version property
2013-07-13 17:19:38,961 [main] DEBUG org.hibernate.cfg.annotations.PropertyBinder - MetadataSourceProcessor property version with lazy=false
2013-07-13 17:19:38,961 [main] DEBUG org.hibernate.cfg.annotations.SimpleValueBinder - building SimpleValue for version
2013-07-13 17:19:38,962 [main] DEBUG org.hibernate.cfg.annotations.PropertyBinder - Building property version
2013-07-13 17:19:38,962 [main] TRACE org.hibernate.cfg.annotations.PropertyBinder - Cascading version with null
2013-07-13 17:19:38,962 [main] TRACE org.hibernate.cfg.AnnotationBinder - Version name: version, unsavedValue: undefined
2013-07-13 17:19:38,964 [main] DEBUG org.hibernate.cfg.AnnotationBinder - Binding entity from annotated class: com.eastapps.mgs.model.MemeUser
2013-07-13 17:19:38,964 [main] DEBUG org.hibernate.cfg.Ejb3Column - Binding column: Ejb3DiscriminatorColumn{logicalColumnName&apos;DTYPE&apos;, discriminatorTypeName=&apos;string&apos;}
2013-07-13 17:19:38,964 [main] DEBUG org.hibernate.cfg.annotations.EntityBinder - Import with entity name MemeUser
2013-07-13 17:19:38,964 [main] DEBUG org.hibernate.cfg.annotations.EntityBinder - Bind entity com.eastapps.mgs.model.MemeUser on table meme_user
2013-07-13 17:19:38,971 [main] TRACE org.hibernate.cfg.AnnotationBinder - Processing annotations of com.eastapps.mgs.model.MemeUser.id
2013-07-13 17:19:38,972 [main] DEBUG org.hibernate.cfg.Ejb3Column - Binding column: Ejb3Column{table=org.hibernate.mapping.Table(meme_user), mappingColumn=id, insertable=true, updatable=true, unique=false}
2013-07-13 17:19:38,972 [main] DEBUG org.hibernate.cfg.annotations.PropertyBinder - MetadataSourceProcessor property id with lazy=false
2013-07-13 17:19:38,972 [main] DEBUG org.hibernate.cfg.annotations.SimpleValueBinder - building SimpleValue for id
2013-07-13 17:19:38,972 [main] DEBUG org.hibernate.cfg.annotations.PropertyBinder - Building property id
2013-07-13 17:19:38,972 [main] TRACE org.hibernate.cfg.annotations.PropertyBinder - Cascading id with null
2013-07-13 17:19:38,972 [main] TRACE org.hibernate.cfg.AnnotationBinder - Bind @Id on id
2013-07-13 17:19:38,973 [main] TRACE org.hibernate.cfg.AnnotationBinder - Processing annotations of com.eastapps.mgs.model.MemeUser.active
2013-07-13 17:19:38,973 [main] DEBUG org.hibernate.cfg.Ejb3Column - Binding column: Ejb3Column{table=org.hibernate.mapping.Table(meme_user), mappingColumn=active, insertable=true, updatable=true, unique=false}
2013-07-13 17:19:38,973 [main] DEBUG org.hibernate.cfg.annotations.PropertyBinder - MetadataSourceProcessor property active with lazy=false
2013-07-13 17:19:38,973 [main] DEBUG org.hibernate.cfg.annotations.SimpleValueBinder - building SimpleValue for active
2013-07-13 17:19:38,973 [main] DEBUG org.hibernate.cfg.annotations.PropertyBinder - Building property active
2013-07-13 17:19:38,973 [main] TRACE org.hibernate.cfg.annotations.PropertyBinder - Cascading active with null
2013-07-13 17:19:38,974 [main] TRACE org.hibernate.cfg.AnnotationBinder - Processing annotations of com.eastapps.mgs.model.MemeUser.favoriteMemes
2013-07-13 17:19:38,975 [main] DEBUG org.hibernate.cfg.Ejb3Column - Binding column: Ejb3Column{table=org.hibernate.mapping.Table(meme_user), mappingColumn=null, insertable=true, updatable=true, unique=false}
2013-07-13 17:19:38,985 [main] DEBUG org.hibernate.cfg.Ejb3Column - Binding column: Ejb3Column{table=org.hibernate.mapping.Table(meme_user), mappingColumn=element, insertable=true, updatable=true, unique=false}
2013-07-13 17:19:38,986 [main] DEBUG org.hibernate.cfg.Ejb3Column - Binding column: Ejb3Column{table=org.hibernate.mapping.Table(meme_user), mappingColumn=favorite_memes_key, insertable=true, updatable=true, unique=false}
2013-07-13 17:19:38,987 [main] DEBUG org.hibernate.cfg.Ejb3Column - Binding column: Ejb3JoinColumn{logicalColumnName=&apos;favoriteMemes_KEY&apos;, referencedColumn=&apos;null&apos;, mappedBy=&apos;null&apos;}
2013-07-13 17:19:38,989 [main] DEBUG org.hibernate.cfg.Ejb3Column - Binding column: Ejb3JoinColumn{logicalColumnName=&apos;null&apos;, referencedColumn=&apos;null&apos;, mappedBy=&apos;&apos;}
2013-07-13 17:19:38,989 [main] DEBUG org.hibernate.cfg.Ejb3Column - Binding column: Ejb3JoinColumn{logicalColumnName=&apos;null&apos;, referencedColumn=&apos;null&apos;, mappedBy=&apos;&apos;}
2013-07-13 17:19:38,989 [main] DEBUG org.hibernate.cfg.annotations.CollectionBinder - Collection role: com.eastapps.mgs.model.MemeUser.favoriteMemes
2013-07-13 17:19:38,992 [main] DEBUG org.hibernate.cfg.annotations.PropertyBinder - Building property favoriteMemes
2013-07-13 17:19:38,992 [main] TRACE org.hibernate.cfg.annotations.PropertyBinder - Cascading favoriteMemes with all
2013-07-13 17:19:38,992 [main] TRACE org.hibernate.cfg.AnnotationBinder - Processing annotations of com.eastapps.mgs.model.MemeUser.password
2013-07-13 17:19:38,992 [main] DEBUG org.hibernate.cfg.Ejb3Column - Binding column: Ejb3Column{table=org.hibernate.mapping.Table(meme_user), mappingColumn=password, insertable=true, updatable=true, unique=false}
2013-07-13 17:19:38,993 [main] DEBUG org.hibernate.cfg.annotations.PropertyBinder - MetadataSourceProcessor property password with lazy=false
2013-07-13 17:19:38,993 [main] DEBUG org.hibernate.cfg.annotations.SimpleValueBinder - building SimpleValue for password
2013-07-13 17:19:38,993 [main] DEBUG org.hibernate.cfg.annotations.PropertyBinder - Building property password
2013-07-13 17:19:38,993 [main] TRACE org.hibernate.cfg.annotations.PropertyBinder - Cascading password with null
2013-07-13 17:19:38,993 [main] TRACE org.hibernate.cfg.AnnotationBinder - Processing annotations of com.eastapps.mgs.model.MemeUser.salt
2013-07-13 17:19:38,993 [main] DEBUG org.hibernate.cfg.Ejb3Column - Binding column: Ejb3Column{table=org.hibernate.mapping.Table(meme_user), mappingColumn=salt, insertable=true, updatable=true, unique=false}
2013-07-13 17:19:38,993 [main] DEBUG org.hibernate.cfg.annotations.PropertyBinder - MetadataSourceProcessor property salt with lazy=false
2013-07-13 17:19:38,993 [main] DEBUG org.hibernate.cfg.annotations.SimpleValueBinder - building SimpleValue for salt
2013-07-13 17:19:38,994 [main] DEBUG org.hibernate.cfg.annotations.PropertyBinder - Building property salt
2013-07-13 17:19:38,994 [main] TRACE org.hibernate.cfg.annotations.PropertyBinder - Cascading salt with null
2013-07-13 17:19:38,994 [main] TRACE org.hibernate.cfg.AnnotationBinder - Processing annotations of com.eastapps.mgs.model.MemeUser.username
2013-07-13 17:19:38,994 [main] DEBUG org.hibernate.cfg.Ejb3Column - Binding column: Ejb3Column{table=org.hibernate.mapping.Table(meme_user), mappingColumn=username, insertable=true, updatable=true, unique=false}
2013-07-13 17:19:38,994 [main] DEBUG org.hibernate.cfg.annotations.PropertyBinder - MetadataSourceProcessor property username with lazy=false
2013-07-13 17:19:38,994 [main] DEBUG org.hibernate.cfg.annotations.SimpleValueBinder - building SimpleValue for username
2013-07-13 17:19:38,994 [main] DEBUG org.hibernate.cfg.annotations.PropertyBinder - Building property username
2013-07-13 17:19:38,994 [main] TRACE org.hibernate.cfg.annotations.PropertyBinder - Cascading username with null
2013-07-13 17:19:38,995 [main] TRACE org.hibernate.cfg.AnnotationBinder - Processing annotations of com.eastapps.mgs.model.MemeUser.version
2013-07-13 17:19:38,995 [main] DEBUG org.hibernate.cfg.Ejb3Column - Binding column: Ejb3Column{table=org.hibernate.mapping.Table(meme_user), mappingColumn=version, insertable=true, updatable=true, unique=false}
2013-07-13 17:19:38,995 [main] TRACE org.hibernate.cfg.AnnotationBinder - version is a version property
2013-07-13 17:19:38,995 [main] DEBUG org.hibernate.cfg.annotations.PropertyBinder - MetadataSourceProcessor property version with lazy=false
2013-07-13 17:19:38,995 [main] DEBUG org.hibernate.cfg.annotations.SimpleValueBinder - building SimpleValue for version
2013-07-13 17:19:38,995 [main] DEBUG org.hibernate.cfg.annotations.PropertyBinder - Building property version
2013-07-13 17:19:38,995 [main] TRACE org.hibernate.cfg.annotations.PropertyBinder - Cascading version with null
2013-07-13 17:19:38,995 [main] TRACE org.hibernate.cfg.AnnotationBinder - Version name: version, unsavedValue: undefined
2013-07-13 17:19:38,996 [main] DEBUG org.hibernate.cfg.AnnotationBinder - Binding entity from annotated class: com.eastapps.mgs.model.Meme
2013-07-13 17:19:38,996 [main] DEBUG org.hibernate.cfg.Ejb3Column - Binding column: Ejb3DiscriminatorColumn{logicalColumnName&apos;DTYPE&apos;, discriminatorTypeName=&apos;string&apos;}
2013-07-13 17:19:38,996 [main] DEBUG org.hibernate.cfg.annotations.EntityBinder - Import with entity name Meme
2013-07-13 17:19:38,996 [main] DEBUG org.hibernate.cfg.annotations.EntityBinder - Bind entity com.eastapps.mgs.model.Meme on table meme
2013-07-13 17:19:39,001 [main] TRACE org.hibernate.cfg.AnnotationBinder - Processing annotations of com.eastapps.mgs.model.Meme.id
2013-07-13 17:19:39,001 [main] DEBUG org.hibernate.cfg.Ejb3Column - Binding column: Ejb3Column{table=org.hibernate.mapping.Table(meme), mappingColumn=id, insertable=true, updatable=true, unique=false}
2013-07-13 17:19:39,001 [main] DEBUG org.hibernate.cfg.annotations.PropertyBinder - MetadataSourceProcessor property id with lazy=false
2013-07-13 17:19:39,001 [main] DEBUG org.hibernate.cfg.annotations.SimpleValueBinder - building SimpleValue for id
2013-07-13 17:19:39,001 [main] DEBUG org.hibernate.cfg.annotations.PropertyBinder - Building property id
2013-07-13 17:19:39,002 [main] TRACE org.hibernate.cfg.annotations.PropertyBinder - Cascading id with null
2013-07-13 17:19:39,002 [main] TRACE org.hibernate.cfg.AnnotationBinder - Bind @Id on id
2013-07-13 17:19:39,002 [main] TRACE org.hibernate.cfg.AnnotationBinder - Processing annotations of com.eastapps.mgs.model.Meme.bottomText
2013-07-13 17:19:39,002 [main] DEBUG org.hibernate.cfg.Ejb3Column - Binding column: Ejb3JoinColumn{logicalColumnName=&apos;null&apos;, referencedColumn=&apos;null&apos;, mappedBy=&apos;null&apos;}
2013-07-13 17:19:39,002 [main] DEBUG org.hibernate.cfg.Ejb3Column - Binding column: Ejb3Column{table=org.hibernate.mapping.Table(meme), mappingColumn=bottom_text, insertable=true, updatable=true, unique=false}
2013-07-13 17:19:39,004 [main] DEBUG org.hibernate.cfg.annotations.PropertyBinder - Building property bottomText
2013-07-13 17:19:39,004 [main] TRACE org.hibernate.cfg.annotations.PropertyBinder - Cascading bottomText with all
2013-07-13 17:19:39,004 [main] TRACE org.hibernate.cfg.AnnotationBinder - Processing annotations of com.eastapps.mgs.model.Meme.createdByUser
2013-07-13 17:19:39,004 [main] DEBUG org.hibernate.cfg.Ejb3Column - Binding column: Ejb3JoinColumn{logicalColumnName=&apos;null&apos;, referencedColumn=&apos;null&apos;, mappedBy=&apos;null&apos;}
2013-07-13 17:19:39,005 [main] DEBUG org.hibernate.cfg.Ejb3Column - Binding column: Ejb3Column{table=org.hibernate.mapping.Table(meme), mappingColumn=created_by_user, insertable=true, updatable=true, unique=false}
2013-07-13 17:19:39,005 [main] DEBUG org.hibernate.cfg.annotations.PropertyBinder - Building property createdByUser
2013-07-13 17:19:39,005 [main] TRACE org.hibernate.cfg.annotations.PropertyBinder - Cascading createdByUser with all
2013-07-13 17:19:39,005 [main] TRACE org.hibernate.cfg.AnnotationBinder - Processing annotations of com.eastapps.mgs.model.Meme.memeBackground
2013-07-13 17:19:39,005 [main] DEBUG org.hibernate.cfg.Ejb3Column - Binding column: Ejb3JoinColumn{logicalColumnName=&apos;null&apos;, referencedColumn=&apos;null&apos;, mappedBy=&apos;null&apos;}
2013-07-13 17:19:39,005 [main] DEBUG org.hibernate.cfg.Ejb3Column - Binding column: Ejb3Column{table=org.hibernate.mapping.Table(meme), mappingColumn=meme_background, insertable=true, updatable=true, unique=false}
2013-07-13 17:19:39,006 [main] DEBUG org.hibernate.cfg.annotations.PropertyBinder - Building property memeBackground
2013-07-13 17:19:39,006 [main] TRACE org.hibernate.cfg.annotations.PropertyBinder - Cascading memeBackground with all
2013-07-13 17:19:39,006 [main] TRACE org.hibernate.cfg.AnnotationBinder - Processing annotations of com.eastapps.mgs.model.Meme.topText
2013-07-13 17:19:39,006 [main] DEBUG org.hibernate.cfg.Ejb3Column - Binding column: Ejb3JoinColumn{logicalColumnName=&apos;null&apos;, referencedColumn=&apos;null&apos;, mappedBy=&apos;null&apos;}
2013-07-13 17:19:39,006 [main] DEBUG org.hibernate.cfg.Ejb3Column - Binding column: Ejb3Column{table=org.hibernate.mapping.Table(meme), mappingColumn=top_text, insertable=true, updatable=true, unique=false}
2013-07-13 17:19:39,006 [main] DEBUG org.hibernate.cfg.annotations.PropertyBinder - Building property topText
2013-07-13 17:19:39,006 [main] TRACE org.hibernate.cfg.annotations.PropertyBinder - Cascading topText with all
2013-07-13 17:19:39,006 [main] TRACE org.hibernate.cfg.AnnotationBinder - Processing annotations of com.eastapps.mgs.model.Meme.version
2013-07-13 17:19:39,007 [main] DEBUG org.hibernate.cfg.Ejb3Column - Binding column: Ejb3Column{table=org.hibernate.mapping.Table(meme), mappingColumn=version, insertable=true, updatable=true, unique=false}
2013-07-13 17:19:39,007 [main] TRACE org.hibernate.cfg.AnnotationBinder - version is a version property
2013-07-13 17:19:39,007 [main] DEBUG org.hibernate.cfg.annotations.PropertyBinder - MetadataSourceProcessor property version with lazy=false
2013-07-13 17:19:39,007 [main] DEBUG org.hibernate.cfg.annotations.SimpleValueBinder - building SimpleValue for version
2013-07-13 17:19:39,007 [main] DEBUG org.hibernate.cfg.annotations.PropertyBinder - Building property version
2013-07-13 17:19:39,007 [main] TRACE org.hibernate.cfg.annotations.PropertyBinder - Cascading version with null
2013-07-13 17:19:39,007 [main] TRACE org.hibernate.cfg.AnnotationBinder - Version name: version, unsavedValue: undefined
2013-07-13 17:19:39,007 [main] DEBUG org.hibernate.cfg.AnnotationBinder - Binding entity from annotated class: com.eastapps.mgs.model.MemeText
2013-07-13 17:19:39,008 [main] DEBUG org.hibernate.cfg.Ejb3Column - Binding column: Ejb3DiscriminatorColumn{logicalColumnName&apos;DTYPE&apos;, discriminatorTypeName=&apos;string&apos;}
2013-07-13 17:19:39,008 [main] DEBUG org.hibernate.cfg.annotations.EntityBinder - Import with entity name MemeText
2013-07-13 17:19:39,008 [main] DEBUG org.hibernate.cfg.annotations.EntityBinder - Bind entity com.eastapps.mgs.model.MemeText on table meme_text
2013-07-13 17:19:39,010 [main] TRACE org.hibernate.cfg.AnnotationBinder - Processing annotations of com.eastapps.mgs.model.MemeText.id
2013-07-13 17:19:39,010 [main] DEBUG org.hibernate.cfg.Ejb3Column - Binding column: Ejb3Column{table=org.hibernate.mapping.Table(meme_text), mappingColumn=id, insertable=true, updatable=true, unique=false}
2013-07-13 17:19:39,011 [main] DEBUG org.hibernate.cfg.annotations.PropertyBinder - MetadataSourceProcessor property id with lazy=false
2013-07-13 17:19:39,011 [main] DEBUG org.hibernate.cfg.annotations.SimpleValueBinder - building SimpleValue for id
2013-07-13 17:19:39,011 [main] DEBUG org.hibernate.cfg.annotations.PropertyBinder - Building property id
2013-07-13 17:19:39,011 [main] TRACE org.hibernate.cfg.annotations.PropertyBinder - Cascading id with null
2013-07-13 17:19:39,011 [main] TRACE org.hibernate.cfg.AnnotationBinder - Bind @Id on id
2013-07-13 17:19:39,011 [main] TRACE org.hibernate.cfg.AnnotationBinder - Processing annotations of com.eastapps.mgs.model.MemeText.fontSize
2013-07-13 17:19:39,011 [main] DEBUG org.hibernate.cfg.Ejb3Column - Binding column: Ejb3Column{table=org.hibernate.mapping.Table(meme_text), mappingColumn=font_size, insertable=true, updatable=true, unique=false}
2013-07-13 17:19:39,012 [main] DEBUG org.hibernate.cfg.annotations.PropertyBinder - MetadataSourceProcessor property fontSize with lazy=false
2013-07-13 17:19:39,012 [main] DEBUG org.hibernate.cfg.annotations.SimpleValueBinder - building SimpleValue for fontSize
2013-07-13 17:19:39,012 [main] DEBUG org.hibernate.cfg.annotations.PropertyBinder - Building property fontSize
2013-07-13 17:19:39,012 [main] TRACE org.hibernate.cfg.annotations.PropertyBinder - Cascading fontSize with null
2013-07-13 17:19:39,012 [main] TRACE org.hibernate.cfg.AnnotationBinder - Processing annotations of com.eastapps.mgs.model.MemeText.text
2013-07-13 17:19:39,012 [main] DEBUG org.hibernate.cfg.Ejb3Column - Binding column: Ejb3Column{table=org.hibernate.mapping.Table(meme_text), mappingColumn=text, insertable=true, updatable=true, unique=false}
2013-07-13 17:19:39,012 [main] DEBUG org.hibernate.cfg.annotations.PropertyBinder - MetadataSourceProcessor property text with lazy=false
2013-07-13 17:19:39,013 [main] DEBUG org.hibernate.cfg.annotations.SimpleValueBinder - building SimpleValue for text
2013-07-13 17:19:39,013 [main] DEBUG org.hibernate.cfg.annotations.PropertyBinder - Building property text
2013-07-13 17:19:39,013 [main] TRACE org.hibernate.cfg.annotations.PropertyBinder - Cascading text with null
2013-07-13 17:19:39,013 [main] TRACE org.hibernate.cfg.AnnotationBinder - Processing annotations of com.eastapps.mgs.model.MemeText.version
2013-07-13 17:19:39,013 [main] DEBUG org.hibernate.cfg.Ejb3Column - Binding column: Ejb3Column{table=org.hibernate.mapping.Table(meme_text), mappingColumn=version, insertable=true, updatable=true, unique=false}
2013-07-13 17:19:39,013 [main] TRACE org.hibernate.cfg.AnnotationBinder - version is a version property
2013-07-13 17:19:39,013 [main] DEBUG org.hibernate.cfg.annotations.PropertyBinder - MetadataSourceProcessor property version with lazy=false
2013-07-13 17:19:39,014 [main] DEBUG org.hibernate.cfg.annotations.SimpleValueBinder - building SimpleValue for version
2013-07-13 17:19:39,014 [main] DEBUG org.hibernate.cfg.annotations.PropertyBinder - Building property version
2013-07-13 17:19:39,014 [main] TRACE org.hibernate.cfg.annotations.PropertyBinder - Cascading version with null
2013-07-13 17:19:39,014 [main] TRACE org.hibernate.cfg.AnnotationBinder - Version name: version, unsavedValue: undefined
2013-07-13 17:19:39,014 [main] DEBUG org.hibernate.cfg.AnnotationBinder - Binding entity from annotated class: com.eastapps.mgs.model.CrawlerBackground
2013-07-13 17:19:39,014 [main] DEBUG org.hibernate.cfg.Ejb3Column - Binding column: Ejb3DiscriminatorColumn{logicalColumnName&apos;DTYPE&apos;, discriminatorTypeName=&apos;string&apos;}
2013-07-13 17:19:39,014 [main] DEBUG org.hibernate.cfg.annotations.EntityBinder - Import with entity name CrawlerBackground
2013-07-13 17:19:39,015 [main] DEBUG org.hibernate.cfg.annotations.EntityBinder - Bind entity com.eastapps.mgs.model.CrawlerBackground on table crawler_background
2013-07-13 17:19:39,017 [main] TRACE org.hibernate.cfg.AnnotationBinder - Processing annotations of com.eastapps.mgs.model.CrawlerBackground.id
2013-07-13 17:19:39,017 [main] DEBUG org.hibernate.cfg.Ejb3Column - Binding column: Ejb3Column{table=org.hibernate.mapping.Table(crawler_background), mappingColumn=id, insertable=true, updatable=true, unique=false}
2013-07-13 17:19:39,018 [main] DEBUG org.hibernate.cfg.annotations.PropertyBinder - MetadataSourceProcessor property id with lazy=false
2013-07-13 17:19:39,018 [main] DEBUG org.hibernate.cfg.annotations.SimpleValueBinder - building SimpleValue for id
2013-07-13 17:19:39,018 [main] DEBUG org.hibernate.cfg.annotations.PropertyBinder - Building property id
2013-07-13 17:19:39,018 [main] TRACE org.hibernate.cfg.annotations.PropertyBinder - Cascading id with null
2013-07-13 17:19:39,018 [main] TRACE org.hibernate.cfg.AnnotationBinder - Bind @Id on id
2013-07-13 17:19:39,018 [main] TRACE org.hibernate.cfg.AnnotationBinder - Processing annotations of com.eastapps.mgs.model.CrawlerBackground.crawlerImgDesc
2013-07-13 17:19:39,018 [main] DEBUG org.hibernate.cfg.Ejb3Column - Binding column: Ejb3Column{table=org.hibernate.mapping.Table(crawler_background), mappingColumn=crawler_img_desc, insertable=true, updatable=true, unique=false}
2013-07-13 17:19:39,019 [main] DEBUG org.hibernate.cfg.annotations.PropertyBinder - MetadataSourceProcessor property crawlerImgDesc with lazy=false
2013-07-13 17:19:39,019 [main] DEBUG org.hibernate.cfg.annotations.SimpleValueBinder - building SimpleValue for crawlerImgDesc
2013-07-13 17:19:39,019 [main] DEBUG org.hibernate.cfg.annotations.PropertyBinder - Building property crawlerImgDesc
2013-07-13 17:19:39,019 [main] TRACE org.hibernate.cfg.annotations.PropertyBinder - Cascading crawlerImgDesc with null
2013-07-13 17:19:39,019 [main] TRACE org.hibernate.cfg.AnnotationBinder - Processing annotations of com.eastapps.mgs.model.CrawlerBackground.crawlerImgFilename
2013-07-13 17:19:39,019 [main] DEBUG org.hibernate.cfg.Ejb3Column - Binding column: Ejb3Column{table=org.hibernate.mapping.Table(crawler_background), mappingColumn=crawler_img_filename, insertable=true, updatable=true, unique=false}
2013-07-13 17:19:39,019 [main] DEBUG org.hibernate.cfg.annotations.PropertyBinder - MetadataSourceProcessor property crawlerImgFilename with lazy=false
2013-07-13 17:19:39,019 [main] DEBUG org.hibernate.cfg.annotations.SimpleValueBinder - building SimpleValue for crawlerImgFilename
2013-07-13 17:19:39,020 [main] DEBUG org.hibernate.cfg.annotations.PropertyBinder - Building property crawlerImgFilename
2013-07-13 17:19:39,020 [main] TRACE org.hibernate.cfg.annotations.PropertyBinder - Cascading crawlerImgFilename with null
2013-07-13 17:19:39,020 [main] TRACE org.hibernate.cfg.AnnotationBinder - Processing annotations of com.eastapps.mgs.model.CrawlerBackground.sourceDesc
2013-07-13 17:19:39,020 [main] DEBUG org.hibernate.cfg.Ejb3Column - Binding column: Ejb3Column{table=org.hibernate.mapping.Table(crawler_background), mappingColumn=source_desc, insertable=true, updatable=true, unique=false}
2013-07-13 17:19:39,020 [main] DEBUG org.hibernate.cfg.annotations.PropertyBinder - MetadataSourceProcessor property sourceDesc with lazy=false
2013-07-13 17:19:39,020 [main] DEBUG org.hibernate.cfg.annotations.SimpleValueBinder - building SimpleValue for sourceDesc
2013-07-13 17:19:39,020 [main] DEBUG org.hibernate.cfg.annotations.PropertyBinder - Building property sourceDesc
2013-07-13 17:19:39,020 [main] TRACE org.hibernate.cfg.annotations.PropertyBinder - Cascading sourceDesc with null
2013-07-13 17:19:39,020 [main] TRACE org.hibernate.cfg.AnnotationBinder - Processing annotations of com.eastapps.mgs.model.CrawlerBackground.version
2013-07-13 17:19:39,021 [main] DEBUG org.hibernate.cfg.Ejb3Column - Binding column: Ejb3Column{table=org.hibernate.mapping.Table(crawler_background), mappingColumn=version, insertable=true, updatable=true, unique=false}
2013-07-13 17:19:39,021 [main] TRACE org.hibernate.cfg.AnnotationBinder - version is a version property
2013-07-13 17:19:39,021 [main] DEBUG org.hibernate.cfg.annotations.PropertyBinder - MetadataSourceProcessor property version with lazy=false
2013-07-13 17:19:39,021 [main] DEBUG org.hibernate.cfg.annotations.SimpleValueBinder - building SimpleValue for version
2013-07-13 17:19:39,021 [main] DEBUG org.hibernate.cfg.annotations.PropertyBinder - Building property version
2013-07-13 17:19:39,021 [main] TRACE org.hibernate.cfg.annotations.PropertyBinder - Cascading version with null
2013-07-13 17:19:39,021 [main] TRACE org.hibernate.cfg.AnnotationBinder - Version name: version, unsavedValue: undefined
2013-07-13 17:19:39,021 [main] DEBUG org.hibernate.cfg.AnnotationBinder - Binding entity from annotated class: com.eastapps.mgs.model.DeviceInfo
2013-07-13 17:19:39,022 [main] DEBUG org.hibernate.cfg.Ejb3Column - Binding column: Ejb3DiscriminatorColumn{logicalColumnName&apos;DTYPE&apos;, discriminatorTypeName=&apos;string&apos;}
2013-07-13 17:19:39,022 [main] DEBUG org.hibernate.cfg.annotations.EntityBinder - Import with entity name DeviceInfo
2013-07-13 17:19:39,022 [main] DEBUG org.hibernate.cfg.annotations.EntityBinder - Bind entity com.eastapps.mgs.model.DeviceInfo on table device_info
2013-07-13 17:19:39,024 [main] TRACE org.hibernate.cfg.AnnotationBinder - Processing annotations of com.eastapps.mgs.model.DeviceInfo.id
2013-07-13 17:19:39,024 [main] DEBUG org.hibernate.cfg.Ejb3Column - Binding column: Ejb3Column{table=org.hibernate.mapping.Table(device_info), mappingColumn=id, insertable=true, updatable=true, unique=false}
2013-07-13 17:19:39,025 [main] DEBUG org.hibernate.cfg.annotations.PropertyBinder - MetadataSourceProcessor property id with lazy=false
2013-07-13 17:19:39,025 [main] DEBUG org.hibernate.cfg.annotations.SimpleValueBinder - building SimpleValue for id
2013-07-13 17:19:39,025 [main] DEBUG org.hibernate.cfg.annotations.PropertyBinder - Building property id
2013-07-13 17:19:39,025 [main] TRACE org.hibernate.cfg.annotations.PropertyBinder - Cascading id with null
2013-07-13 17:19:39,025 [main] TRACE org.hibernate.cfg.AnnotationBinder - Bind @Id on id
2013-07-13 17:19:39,025 [main] TRACE org.hibernate.cfg.AnnotationBinder - Processing annotations of com.eastapps.mgs.model.DeviceInfo.deviceUser
2013-07-13 17:19:39,025 [main] DEBUG org.hibernate.cfg.Ejb3Column - Binding column: Ejb3JoinColumn{logicalColumnName=&apos;null&apos;, referencedColumn=&apos;null&apos;, mappedBy=&apos;null&apos;}
2013-07-13 17:19:39,026 [main] DEBUG org.hibernate.cfg.Ejb3Column - Binding column: Ejb3Column{table=org.hibernate.mapping.Table(device_info), mappingColumn=device_user, insertable=true, updatable=true, unique=false}
2013-07-13 17:19:39,026 [main] DEBUG org.hibernate.cfg.annotations.PropertyBinder - Building property deviceUser
2013-07-13 17:19:39,026 [main] TRACE org.hibernate.cfg.annotations.PropertyBinder - Cascading deviceUser with none
2013-07-13 17:19:39,026 [main] TRACE org.hibernate.cfg.AnnotationBinder - Processing annotations of com.eastapps.mgs.model.DeviceInfo.uniqueId
[...]
2013-07-13 17:19:45,071 [main] TRACE org.hibernate.ejb.metamodel.MetadataContext - Starting entity [com.eastapps.mgs.model.MemeUser]
2013-07-13 17:19:45,071 [main] TRACE org.hibernate.ejb.metamodel.AttributeFactory - Building identifier attribute [com.eastapps.mgs.model.MemeUser.id]
2013-07-13 17:19:45,071 [main] TRACE org.hibernate.ejb.metamodel.AttributeFactory - Starting attribute metadata determination [id]
2013-07-13 17:19:45,071 [main] TRACE org.hibernate.ejb.metamodel.AttributeFactory -     Determined member [private java.lang.Long com.eastapps.mgs.model.MemeUser.id]
2013-07-13 17:19:45,071 [main] TRACE org.hibernate.ejb.metamodel.AttributeFactory -     Determined type [name=long, class=org.hibernate.type.LongType]
2013-07-13 17:19:45,071 [main] TRACE org.hibernate.ejb.metamodel.AttributeFactory - Building version attribute [ownerType.getJavaType().getName().property.getName()]
2013-07-13 17:19:45,071 [main] TRACE org.hibernate.ejb.metamodel.AttributeFactory - Starting attribute metadata determination [version]
2013-07-13 17:19:45,071 [main] TRACE org.hibernate.ejb.metamodel.AttributeFactory -     Determined member [private java.lang.Integer com.eastapps.mgs.model.MemeUser.version]
2013-07-13 17:19:45,071 [main] TRACE org.hibernate.ejb.metamodel.AttributeFactory -     Determined type [name=integer, class=org.hibernate.type.IntegerType]
2013-07-13 17:19:45,071 [main] TRACE org.hibernate.ejb.metamodel.AttributeFactory - Building attribute [com.eastapps.mgs.model.MemeUser.active]
2013-07-13 17:19:45,071 [main] TRACE org.hibernate.ejb.metamodel.AttributeFactory - Starting attribute metadata determination [active]
2013-07-13 17:19:45,071 [main] TRACE org.hibernate.ejb.metamodel.AttributeFactory -     Determined member [private java.lang.Boolean com.eastapps.mgs.model.MemeUser.active]
2013-07-13 17:19:45,071 [main] TRACE org.hibernate.ejb.metamodel.AttributeFactory -     Determined type [name=boolean, class=org.hibernate.type.BooleanType]
2013-07-13 17:19:45,071 [main] TRACE org.hibernate.ejb.metamodel.AttributeFactory - Building attribute [com.eastapps.mgs.model.MemeUser.favoriteMemes]
2013-07-13 17:19:45,071 [main] TRACE org.hibernate.ejb.metamodel.AttributeFactory - Starting attribute metadata determination [favoriteMemes]
2013-07-13 17:19:45,071 [main] TRACE org.hibernate.ejb.metamodel.AttributeFactory -     Determined member [private java.util.Set com.eastapps.mgs.model.MemeUser.favoriteMemes]
2013-07-13 17:19:45,071 [main] TRACE org.hibernate.ejb.metamodel.AttributeFactory -     Determined type [name=java.util.Set(com.eastapps.mgs.model.MemeUser.favoriteMemes), class=org.hibernate.type.SetType]
2013-07-13 17:19:45,077 [main] TRACE org.hibernate.ejb.metamodel.AttributeFactory - Building attribute [com.eastapps.mgs.model.MemeUser.password]
2013-07-13 17:19:45,077 [main] TRACE org.hibernate.ejb.metamodel.AttributeFactory - Starting attribute metadata determination [password]
2013-07-13 17:19:45,077 [main] TRACE org.hibernate.ejb.metamodel.AttributeFactory -     Determined member [private java.lang.String com.eastapps.mgs.model.MemeUser.password]
2013-07-13 17:19:45,077 [main] TRACE org.hibernate.ejb.metamodel.AttributeFactory -     Determined type [name=string, class=org.hibernate.type.StringType]
2013-07-13 17:19:45,077 [main] TRACE org.hibernate.ejb.metamodel.AttributeFactory - Building attribute [com.eastapps.mgs.model.MemeUser.salt]
2013-07-13 17:19:45,077 [main] TRACE org.hibernate.ejb.metamodel.AttributeFactory - Starting attribute metadata determination [salt]
2013-07-13 17:19:45,077 [main] TRACE org.hibernate.ejb.metamodel.AttributeFactory -     Determined member [private java.lang.String com.eastapps.mgs.model.MemeUser.salt]
2013-07-13 17:19:45,077 [main] TRACE org.hibernate.ejb.metamodel.AttributeFactory -     Determined type [name=string, class=org.hibernate.type.StringType]
2013-07-13 17:19:45,077 [main] TRACE org.hibernate.ejb.metamodel.AttributeFactory - Building attribute [com.eastapps.mgs.model.MemeUser.username]
2013-07-13 17:19:45,077 [main] TRACE org.hibernate.ejb.metamodel.AttributeFactory - Starting attribute metadata determination [username]
2013-07-13 17:19:45,077 [main] TRACE org.hibernate.ejb.metamodel.AttributeFactory -     Determined member [private java.lang.String com.eastapps.mgs.model.MemeUser.username]
2013-07-13 17:19:45,077 [main] TRACE org.hibernate.ejb.metamodel.AttributeFactory -     Determined type [name=string, class=org.hibernate.type.StringType]
2013-07-13 17:19:45,078 [main] TRACE org.hibernate.ejb.metamodel.MetadataContext - Completed entity [com.eastapps.mgs.model.MemeUser]
2013-07-13 17:19:45,078 [main] TRACE org.hibernate.ejb.metamodel.MetadataContext - Starting entity [com.eastapps.mgs.model.MemeBackground]
2013-07-13 17:19:45,078 [main] TRACE org.hibernate.ejb.metamodel.AttributeFactory - Building identifier attribute [com.eastapps.mgs.model.MemeBackground.id]
2013-07-13 17:19:45,078 [main] TRACE org.hibernate.ejb.metamodel.AttributeFactory - Starting attribute metadata determination [id]
2013-07-13 17:19:45,078 [main] TRACE org.hibernate.ejb.metamodel.AttributeFactory -     Determined member [private java.lang.Long com.eastapps.mgs.model.MemeBackground.id]
2013-07-13 17:19:45,078 [main] TRACE org.hibernate.ejb.metamodel.AttributeFactory -     Determined type [name=long, class=org.hibernate.type.LongType]
2013-07-13 17:19:45,078 [main] TRACE org.hibernate.ejb.metamodel.AttributeFactory - Building version attribute [ownerType.getJavaType().getName().property.getName()]
2013-07-13 17:19:45,078 [main] TRACE org.hibernate.ejb.metamodel.AttributeFactory - Starting attribute metadata determination [version]
2013-07-13 17:19:45,078 [main] TRACE org.hibernate.ejb.metamodel.AttributeFactory -     Determined member [private java.lang.Integer com.eastapps.mgs.model.MemeBackground.version]
2013-07-13 17:19:45,078 [main] TRACE org.hibernate.ejb.metamodel.AttributeFactory -     Determined type [name=integer, class=org.hibernate.type.IntegerType]
2013-07-13 17:19:45,078 [main] TRACE org.hibernate.ejb.metamodel.AttributeFactory - Building attribute [com.eastapps.mgs.model.MemeBackground.active]
2013-07-13 17:19:45,078 [main] TRACE org.hibernate.ejb.metamodel.AttributeFactory - Starting attribute metadata determination [active]
2013-07-13 17:19:45,078 [main] TRACE org.hibernate.ejb.metamodel.AttributeFactory -     Determined member [private java.lang.Boolean com.eastapps.mgs.model.MemeBackground.active]
2013-07-13 17:19:45,078 [main] TRACE org.hibernate.ejb.metamodel.AttributeFactory -     Determined type [name=boolean, class=org.hibernate.type.BooleanType]
2013-07-13 17:19:45,078 [main] TRACE org.hibernate.ejb.metamodel.AttributeFactory - Building attribute [com.eastapps.mgs.model.MemeBackground.description]
2013-07-13 17:19:45,078 [main] TRACE org.hibernate.ejb.metamodel.AttributeFactory - Starting attribute metadata determination [description]
2013-07-13 17:19:45,078 [main] TRACE org.hibernate.ejb.metamodel.AttributeFactory -     Determined member [private java.lang.String com.eastapps.mgs.model.MemeBackground.description]
2013-07-13 17:19:45,078 [main] TRACE org.hibernate.ejb.metamodel.AttributeFactory -     Determined type [name=string, class=org.hibernate.type.StringType]
2013-07-13 17:19:45,079 [main] TRACE org.hibernate.ejb.metamodel.AttributeFactory - Building attribute [com.eastapps.mgs.model.MemeBackground.filePath]
2013-07-13 17:19:45,079 [main] TRACE org.hibernate.ejb.metamodel.AttributeFactory - Starting attribute metadata determination [filePath]
2013-07-13 17:19:45,079 [main] TRACE org.hibernate.ejb.metamodel.AttributeFactory -     Determined member [private java.lang.String com.eastapps.mgs.model.MemeBackground.filePath]
2013-07-13 17:19:45,079 [main] TRACE org.hibernate.ejb.metamodel.AttributeFactory -     Determined type [name=string, class=org.hibernate.type.StringType]
2013-07-13 17:19:45,079 [main] TRACE org.hibernate.ejb.metamodel.MetadataContext - Completed entity [com.eastapps.mgs.model.MemeBackground]
2013-07-13 17:19:45,079 [main] TRACE org.hibernate.ejb.metamodel.MetadataContext - Starting entity [com.eastapps.mgs.model.CrawlerMeme]
2013-07-13 17:19:45,079 [main] TRACE org.hibernate.ejb.metamodel.AttributeFactory - Building identifier attribute [com.eastapps.mgs.model.CrawlerMeme.id]
2013-07-13 17:19:45,079 [main] TRACE org.hibernate.ejb.metamodel.AttributeFactory - Starting attribute metadata determination [id]
2013-07-13 17:19:45,079 [main] TRACE org.hibernate.ejb.metamodel.AttributeFactory -     Determined member [private java.lang.Long com.eastapps.mgs.model.CrawlerMeme.id]
2013-07-13 17:19:45,079 [main] TRACE org.hibernate.ejb.metamodel.AttributeFactory -     Determined type [name=long, class=org.hibernate.type.LongType]
2013-07-13 17:19:45,079 [main] TRACE org.hibernate.ejb.metamodel.AttributeFactory - Building version attribute [ownerType.getJavaType().getName().property.getName()]
2013-07-13 17:19:45,079 [main] TRACE org.hibernate.ejb.metamodel.AttributeFactory - Starting attribute metadata determination [version]
2013-07-13 17:19:45,079 [main] TRACE org.hibernate.ejb.metamodel.AttributeFactory -     Determined member [private java.lang.Integer com.eastapps.mgs.model.CrawlerMeme.version]
2013-07-13 17:19:45,079 [main] TRACE org.hibernate.ejb.metamodel.AttributeFactory -     Determined type [name=integer, class=org.hibernate.type.IntegerType]
2013-07-13 17:19:45,079 [main] TRACE org.hibernate.ejb.metamodel.AttributeFactory - Building attribute [com.eastapps.mgs.model.CrawlerMeme.bottomText]
2013-07-13 17:19:45,079 [main] TRACE org.hibernate.ejb.metamodel.AttributeFactory - Starting attribute metadata determination [bottomText]
2013-07-13 17:19:45,079 [main] TRACE org.hibernate.ejb.metamodel.AttributeFactory -     Determined member [private java.lang.String com.eastapps.mgs.model.CrawlerMeme.bottomText]
2013-07-13 17:19:45,079 [main] TRACE org.hibernate.ejb.metamodel.AttributeFactory -     Determined type [name=string, class=org.hibernate.type.StringType]
2013-07-13 17:19:45,080 [main] TRACE org.hibernate.ejb.metamodel.AttributeFactory - Building attribute [com.eastapps.mgs.model.CrawlerMeme.name]
2013-07-13 17:19:45,080 [main] TRACE org.hibernate.ejb.metamodel.AttributeFactory - Starting attribute metadata determination [name]
2013-07-13 17:19:45,080 [main] TRACE org.hibernate.ejb.metamodel.AttributeFactory -     Determined member [private java.lang.String com.eastapps.mgs.model.CrawlerMeme.name]
2013-07-13 17:19:45,080 [main] TRACE org.hibernate.ejb.metamodel.AttributeFactory -     Determined type [name=string, class=org.hibernate.type.StringType]
2013-07-13 17:19:45,080 [main] TRACE org.hibernate.ejb.metamodel.AttributeFactory - Building attribute [com.eastapps.mgs.model.CrawlerMeme.topText]
2013-07-13 17:19:45,080 [main] TRACE org.hibernate.ejb.metamodel.AttributeFactory - Starting attribute metadata determination [topText]
2013-07-13 17:19:45,080 [main] TRACE org.hibernate.ejb.metamodel.AttributeFactory -     Determined member [private java.lang.String com.eastapps.mgs.model.CrawlerMeme.topText]
2013-07-13 17:19:45,080 [main] TRACE org.hibernate.ejb.metamodel.AttributeFactory -     Determined type [name=string, class=org.hibernate.type.StringType]
2013-07-13 17:19:45,080 [main] TRACE org.hibernate.ejb.metamodel.MetadataContext - Completed entity [com.eastapps.mgs.model.CrawlerMeme]
2013-07-13 17:19:45,087 [main] DEBUG org.hibernate.ejb.internal.EntityManagerFactoryRegistry - Initializing EntityManagerFactoryRegistry : org.hibernate.ejb.internal.EntityManagerFactoryRegistry@6b21f6de
2013-07-13 17:19:45,088 [main] DEBUG org.hibernate.ejb.internal.EntityManagerFactoryRegistry - Registering EntityManagerFactory: persistenceUnit 
2013-07-13 17:19:45,197 [main] TRACE org.hibernate.internal.SessionImpl - Opened session at timestamp: 13737503851
2013-07-13 17:19:45,199 [main] TRACE org.hibernate.internal.SessionImpl - Setting flush mode to: AUTO
2013-07-13 17:19:45,199 [main] TRACE org.hibernate.internal.SessionImpl - Setting cache mode to: NORMAL
2013-07-13 17:19:45,201 [main] DEBUG org.hibernate.engine.transaction.spi.AbstractTransactionImpl - begin
2013-07-13 17:19:45,201 [main] DEBUG org.hibernate.engine.jdbc.internal.LogicalConnectionImpl - Obtaining JDBC connection
2013-07-13 17:19:45,201 [main] DEBUG org.hibernate.engine.jdbc.internal.LogicalConnectionImpl - Obtained JDBC connection
2013-07-13 17:19:45,201 [main] DEBUG org.hibernate.engine.transaction.internal.jdbc.JdbcTransaction - initial autocommit status: true
2013-07-13 17:19:45,201 [main] DEBUG org.hibernate.engine.transaction.internal.jdbc.JdbcTransaction - disabling autocommit
2013-07-13 17:19:45,449 [main] ERROR com.eastapps.mgs.model.MemeIntegrationTest - error occurred while attempting to get JSON obj
org.apache.http.conn.HttpHostConnectException: Connection to http://localhost:8080 refused
	at org.apache.http.impl.conn.DefaultClientConnectionOperator.openConnection(DefaultClientConnectionOperator.java:190)
	at org.apache.http.impl.conn.ManagedClientConnectionImpl.open(ManagedClientConnectionImpl.java:294)
	at org.apache.http.impl.client.DefaultRequestDirector.tryConnect(DefaultRequestDirector.java:643)
	at org.apache.http.impl.client.DefaultRequestDirector.execute(DefaultRequestDirector.java:479)
	at org.apache.http.impl.client.AbstractHttpClient.execute(AbstractHttpClient.java:906)
	at org.apache.http.impl.client.AbstractHttpClient.execute(AbstractHttpClient.java:1138)
	at org.apache.http.impl.client.AbstractHttpClient.execute(AbstractHttpClient.java:1076)
	at org.apache.http.impl.client.AbstractHttpClient.execute(AbstractHttpClient.java:1050)
	at com.eastapps.mgs.model.MemeIntegrationTest.postJson(MemeIntegrationTest.java:199)
	at com.eastapps.mgs.model.MemeIntegrationTest.getJSONObject(MemeIntegrationTest.java:171)
	at com.eastapps.mgs.model.MemeIntegrationTest.testCreateMemeJson(MemeIntegrationTest.java:161)
	at sun.reflect.NativeMethodAccessorImpl.invoke0(Native Method)
	at sun.reflect.NativeMethodAccessorImpl.invoke(NativeMethodAccessorImpl.java:57)
	at sun.reflect.DelegatingMethodAccessorImpl.invoke(DelegatingMethodAccessorImpl.java:43)
	at java.lang.reflect.Method.invoke(Method.java:606)
	at org.junit.runners.model.FrameworkMethod$1.runReflectiveCall(FrameworkMethod.java:45)
	at org.junit.internal.runners.model.ReflectiveCallable.run(ReflectiveCallable.java:15)
	at org.junit.runners.model.FrameworkMethod.invokeExplosively(FrameworkMethod.java:42)
	at org.junit.internal.runners.statements.InvokeMethod.evaluate(InvokeMethod.java:20)
	at org.springframework.test.context.junit4.statements.RunBeforeTestMethodCallbacks.evaluate(RunBeforeTestMethodCallbacks.java:74)
	at org.springframework.test.context.junit4.statements.RunAfterTestMethodCallbacks.evaluate(RunAfterTestMethodCallbacks.java:83)
	at org.springframework.test.context.junit4.statements.SpringRepeat.evaluate(SpringRepeat.java:72)
	at org.springframework.test.context.junit4.SpringJUnit4ClassRunner.runChild(SpringJUnit4ClassRunner.java:231)
	at org.springframework.test.context.junit4.SpringJUnit4ClassRunner.runChild(SpringJUnit4ClassRunner.java:88)
	at org.junit.runners.ParentRunner$3.run(ParentRunner.java:231)
	at org.junit.runners.ParentRunner$1.schedule(ParentRunner.java:60)
	at org.junit.runners.ParentRunner.runChildren(ParentRunner.java:229)
	at org.junit.runners.ParentRunner.access$000(ParentRunner.java:50)
	at org.junit.runners.ParentRunner$2.evaluate(ParentRunner.java:222)
	at org.springframework.test.context.junit4.statements.RunBeforeTestClassCallbacks.evaluate(RunBeforeTestClassCallbacks.java:61)
	at org.springframework.test.context.junit4.statements.RunAfterTestClassCallbacks.evaluate(RunAfterTestClassCallbacks.java:71)
	at org.junit.runners.ParentRunner.run(ParentRunner.java:300)
	at org.springframework.test.context.junit4.SpringJUnit4ClassRunner.run(SpringJUnit4ClassRunner.java:174)
	at org.apache.maven.surefire.junit4.JUnit4Provider.execute(JUnit4Provider.java:236)
	at org.apache.maven.surefire.junit4.JUnit4Provider.executeTestSet(JUnit4Provider.java:134)
	at org.apache.maven.surefire.junit4.JUnit4Provider.invoke(JUnit4Provider.java:113)
	at sun.reflect.NativeMethodAccessorImpl.invoke0(Native Method)
	at sun.reflect.NativeMethodAccessorImpl.invoke(NativeMethodAccessorImpl.java:57)
	at sun.reflect.DelegatingMethodAccessorImpl.invoke(DelegatingMethodAccessorImpl.java:43)
	at java.lang.reflect.Method.invoke(Method.java:606)
	at org.apache.maven.surefire.util.ReflectionUtils.invokeMethodWithArray(ReflectionUtils.java:189)
	at org.apache.maven.surefire.booter.ProviderFactory$ProviderProxy.invoke(ProviderFactory.java:165)
	at org.apache.maven.surefire.booter.ProviderFactory.invokeProvider(ProviderFactory.java:85)
	at org.apache.maven.surefire.booter.ForkedBooter.runSuitesInProcess(ForkedBooter.java:103)
	at org.apache.maven.surefire.booter.ForkedBooter.main(ForkedBooter.java:74)
Caused by: java.net.ConnectException: Connection refused
	at java.net.PlainSocketImpl.socketConnect(Native Method)
	at java.net.AbstractPlainSocketImpl.doConnect(AbstractPlainSocketImpl.java:339)
	at java.net.AbstractPlainSocketImpl.connectToAddress(AbstractPlainSocketImpl.java:200)
	at java.net.AbstractPlainSocketImpl.connect(AbstractPlainSocketImpl.java:182)
	at java.net.SocksSocketImpl.connect(SocksSocketImpl.java:392)
	at java.net.Socket.connect(Socket.java:579)
	at org.apache.http.conn.scheme.PlainSocketFactory.connectSocket(PlainSocketFactory.java:127)
	at org.apache.http.impl.conn.DefaultClientConnectionOperator.openConnection(DefaultClientConnectionOperator.java:180)
	... 44 more
2013-07-13 17:19:45,456 [main] DEBUG org.hibernate.engine.transaction.spi.AbstractTransactionImpl - rolling back
2013-07-13 17:19:45,457 [main] DEBUG org.hibernate.engine.transaction.internal.jdbc.JdbcTransaction - rolled JDBC Connection
2013-07-13 17:19:45,457 [main] DEBUG org.hibernate.engine.transaction.internal.jdbc.JdbcTransaction - re-enabling autocommit
2013-07-13 17:19:45,457 [main] TRACE org.hibernate.engine.transaction.internal.TransactionCoordinatorImpl - after transaction completion
2013-07-13 17:19:45,458 [main] TRACE org.hibernate.internal.SessionImpl - after transaction completion
2013-07-13 17:19:45,463 [main] TRACE org.hibernate.internal.SessionImpl - Closing session
2013-07-13 17:19:45,463 [main] TRACE org.hibernate.engine.jdbc.internal.LogicalConnectionImpl - Closing logical connection
2013-07-13 17:19:45,463 [main] TRACE org.hibernate.engine.jdbc.internal.JdbcResourceRegistryImpl - Closing JDBC container [org.hibernate.engine.jdbc.internal.JdbcResourceRegistryImpl@1d7b0a74]
2013-07-13 17:19:45,463 [main] DEBUG org.hibernate.engine.jdbc.internal.LogicalConnectionImpl - Releasing JDBC connection
2013-07-13 17:19:45,463 [main] DEBUG org.hibernate.engine.jdbc.internal.LogicalConnectionImpl - Released JDBC connection
2013-07-13 17:19:45,464 [main] TRACE org.hibernate.engine.jdbc.internal.LogicalConnectionImpl - Logical connection closed
</system-out>
  </testcase>
  <testcase time="0.373" classname="com.eastapps.mgs.model.MemeIntegrationTest" name="testCountMemes"/>
  <testcase time="0.155" classname="com.eastapps.mgs.model.MemeIntegrationTest" name="testFindMeme"/>
  <testcase time="0.149" classname="com.eastapps.mgs.model.MemeIntegrationTest" name="testFindAllMemes"/>
  <testcase time="0.156" classname="com.eastapps.mgs.model.MemeIntegrationTest" name="testFindMemeEntries"/>
  <testcase time="0.122" classname="com.eastapps.mgs.model.MemeIntegrationTest" name="testFlush"/>
  <testcase time="0.126" classname="com.eastapps.mgs.model.MemeIntegrationTest" name="testMergeUpdate"/>
  <testcase time="0.138" classname="com.eastapps.mgs.model.MemeIntegrationTest" name="testPersist"/>
  <testcase time="0.129" classname="com.eastapps.mgs.model.MemeIntegrationTest" name="testRemove"/>
  <testcase time="0.004" classname="com.eastapps.mgs.model.MemeIntegrationTest" name="testMarkerMethod"/>
</testsuite>